2021-03-05 15:01:33 febs-shiro ERROR http-nio-8848-exec-3 cc.mrbird.febs.common.handler.GlobalExceptionHandler AuthenticationException, 用户名或密码错误！
2021-03-05 15:01:39 febs-shiro ERROR http-nio-8848-exec-4 cc.mrbird.febs.common.handler.GlobalExceptionHandler AuthenticationException, 用户名或密码错误！
2021-03-05 15:43:59 febs-shiro ERROR http-nio-8848-exec-7 cc.mrbird.febs.common.handler.GlobalExceptionHandler UnauthorizedException, Subject does not have permission [apex:bar:view]
2021-03-05 15:44:06 febs-shiro ERROR http-nio-8848-exec-1 cc.mrbird.febs.common.handler.GlobalExceptionHandler UnauthorizedException, Subject does not have permission [apex:bar:view]
2021-03-05 15:45:41 febs-shiro ERROR http-nio-8848-exec-10 cc.mrbird.febs.common.handler.GlobalExceptionHandler UnauthorizedException, Subject does not have permission [apex:bar:view]
2021-03-05 15:46:34 febs-shiro ERROR http-nio-8848-exec-7 cc.mrbird.febs.common.handler.GlobalExceptionHandler UnauthorizedException, Subject does not have permission [apex:bar:view]
2021-03-05 15:57:31 febs-shiro ERROR http-nio-8848-exec-3 cc.mrbird.febs.common.handler.GlobalExceptionHandler UnauthorizedException, Subject does not have permission [apex:bar:view]
2021-03-05 15:57:36 febs-shiro ERROR http-nio-8848-exec-1 cc.mrbird.febs.common.handler.GlobalExceptionHandler UnauthorizedException, Subject does not have permission [apex:bar:view]
2021-03-05 16:00:15 febs-shiro ERROR http-nio-8848-exec-7 cc.mrbird.febs.common.handler.GlobalExceptionHandler 系统内部异常，异常信息
java.lang.NullPointerException: Cannot invoke "cc.mrbird.febs.system.entity.User.getUserId()" because "user" is null
	at cc.mrbird.febs.system.controller.ViewController.resolveUserModel(ViewController.java:158)
	at cc.mrbird.febs.system.controller.ViewController.systemUserUpdate(ViewController.java:114)
	at cc.mrbird.febs.system.controller.ViewController$$FastClassBySpringCGLIB$$3e4cef70.invoke(<generated>)
	at org.springframework.cglib.proxy.MethodProxy.invoke(MethodProxy.java:218)
	at org.springframework.aop.framework.CglibAopProxy$CglibMethodInvocation.invokeJoinpoint(CglibAopProxy.java:771)
	at org.springframework.aop.framework.ReflectiveMethodInvocation.proceed(ReflectiveMethodInvocation.java:163)
	at org.springframework.aop.framework.CglibAopProxy$CglibMethodInvocation.proceed(CglibAopProxy.java:749)
	at org.apache.shiro.spring.security.interceptor.AopAllianceAnnotationsAuthorizingMethodInterceptor$1.proceed(AopAllianceAnnotationsAuthorizingMethodInterceptor.java:82)
	at org.apache.shiro.authz.aop.AuthorizingMethodInterceptor.invoke(AuthorizingMethodInterceptor.java:39)
	at org.apache.shiro.spring.security.interceptor.AopAllianceAnnotationsAuthorizingMethodInterceptor.invoke(AopAllianceAnnotationsAuthorizingMethodInterceptor.java:115)
	at org.springframework.aop.framework.ReflectiveMethodInvocation.proceed(ReflectiveMethodInvocation.java:186)
	at org.springframework.aop.framework.CglibAopProxy$CglibMethodInvocation.proceed(CglibAopProxy.java:749)
	at org.springframework.aop.framework.CglibAopProxy$DynamicAdvisedInterceptor.intercept(CglibAopProxy.java:691)
	at cc.mrbird.febs.system.controller.ViewController$$EnhancerBySpringCGLIB$$deb713ca.systemUserUpdate(<generated>)
	at java.base/jdk.internal.reflect.NativeMethodAccessorImpl.invoke0(Native Method)
	at java.base/jdk.internal.reflect.NativeMethodAccessorImpl.invoke(NativeMethodAccessorImpl.java:64)
	at java.base/jdk.internal.reflect.DelegatingMethodAccessorImpl.invoke(DelegatingMethodAccessorImpl.java:43)
	at java.base/java.lang.reflect.Method.invoke(Method.java:564)
	at org.springframework.web.method.support.InvocableHandlerMethod.doInvoke(InvocableHandlerMethod.java:197)
	at org.springframework.web.method.support.InvocableHandlerMethod.invokeForRequest(InvocableHandlerMethod.java:141)
	at org.springframework.web.servlet.mvc.method.annotation.ServletInvocableHandlerMethod.invokeAndHandle(ServletInvocableHandlerMethod.java:106)
	at org.springframework.web.servlet.mvc.method.annotation.RequestMappingHandlerAdapter.invokeHandlerMethod(RequestMappingHandlerAdapter.java:893)
	at org.springframework.web.servlet.mvc.method.annotation.RequestMappingHandlerAdapter.handleInternal(RequestMappingHandlerAdapter.java:807)
	at org.springframework.web.servlet.mvc.method.AbstractHandlerMethodAdapter.handle(AbstractHandlerMethodAdapter.java:87)
	at org.springframework.web.servlet.DispatcherServlet.doDispatch(DispatcherServlet.java:1061)
	at org.springframework.web.servlet.DispatcherServlet.doService(DispatcherServlet.java:961)
	at org.springframework.web.servlet.FrameworkServlet.processRequest(FrameworkServlet.java:1006)
	at org.springframework.web.servlet.FrameworkServlet.doGet(FrameworkServlet.java:898)
	at javax.servlet.http.HttpServlet.service(HttpServlet.java:626)
	at org.springframework.web.servlet.FrameworkServlet.service(FrameworkServlet.java:883)
	at javax.servlet.http.HttpServlet.service(HttpServlet.java:733)
	at org.apache.catalina.core.ApplicationFilterChain.internalDoFilter(ApplicationFilterChain.java:231)
	at org.apache.catalina.core.ApplicationFilterChain.doFilter(ApplicationFilterChain.java:166)
	at org.apache.tomcat.websocket.server.WsFilter.doFilter(WsFilter.java:53)
	at org.apache.catalina.core.ApplicationFilterChain.internalDoFilter(ApplicationFilterChain.java:193)
	at org.apache.catalina.core.ApplicationFilterChain.doFilter(ApplicationFilterChain.java:166)
	at org.apache.shiro.web.servlet.ProxiedFilterChain.doFilter(ProxiedFilterChain.java:61)
	at org.apache.shiro.web.servlet.AdviceFilter.executeChain(AdviceFilter.java:108)
	at org.apache.shiro.web.servlet.AdviceFilter.doFilterInternal(AdviceFilter.java:137)
	at org.apache.shiro.web.servlet.OncePerRequestFilter.doFilter(OncePerRequestFilter.java:125)
	at org.apache.shiro.web.servlet.ProxiedFilterChain.doFilter(ProxiedFilterChain.java:66)
	at org.apache.shiro.web.servlet.AdviceFilter.executeChain(AdviceFilter.java:108)
	at org.apache.shiro.web.servlet.AdviceFilter.doFilterInternal(AdviceFilter.java:137)
	at org.apache.shiro.web.servlet.OncePerRequestFilter.doFilter(OncePerRequestFilter.java:125)
	at org.apache.shiro.web.servlet.ProxiedFilterChain.doFilter(ProxiedFilterChain.java:66)
	at org.apache.shiro.web.servlet.AbstractShiroFilter.executeChain(AbstractShiroFilter.java:450)
	at org.apache.shiro.web.servlet.AbstractShiroFilter$1.call(AbstractShiroFilter.java:365)
	at org.apache.shiro.subject.support.SubjectCallable.doCall(SubjectCallable.java:90)
	at org.apache.shiro.subject.support.SubjectCallable.call(SubjectCallable.java:83)
	at org.apache.shiro.subject.support.DelegatingSubject.execute(DelegatingSubject.java:387)
	at org.apache.shiro.web.servlet.AbstractShiroFilter.doFilterInternal(AbstractShiroFilter.java:362)
	at org.apache.shiro.web.servlet.OncePerRequestFilter.doFilter(OncePerRequestFilter.java:125)
	at org.apache.catalina.core.ApplicationFilterChain.internalDoFilter(ApplicationFilterChain.java:193)
	at org.apache.catalina.core.ApplicationFilterChain.doFilter(ApplicationFilterChain.java:166)
	at org.springframework.web.servlet.resource.ResourceUrlEncodingFilter.doFilter(ResourceUrlEncodingFilter.java:67)
	at org.apache.catalina.core.ApplicationFilterChain.internalDoFilter(ApplicationFilterChain.java:193)
	at org.apache.catalina.core.ApplicationFilterChain.doFilter(ApplicationFilterChain.java:166)
	at org.springframework.boot.actuate.web.trace.servlet.HttpTraceFilter.doFilterInternal(HttpTraceFilter.java:88)
	at org.springframework.web.filter.OncePerRequestFilter.doFilter(OncePerRequestFilter.java:119)
	at org.apache.catalina.core.ApplicationFilterChain.internalDoFilter(ApplicationFilterChain.java:193)
	at org.apache.catalina.core.ApplicationFilterChain.doFilter(ApplicationFilterChain.java:166)
	at cc.mrbird.febs.common.xss.XssFilter.doFilter(XssFilter.java:54)
	at org.apache.catalina.core.ApplicationFilterChain.internalDoFilter(ApplicationFilterChain.java:193)
	at org.apache.catalina.core.ApplicationFilterChain.doFilter(ApplicationFilterChain.java:166)
	at org.springframework.web.filter.RequestContextFilter.doFilterInternal(RequestContextFilter.java:100)
	at org.springframework.web.filter.OncePerRequestFilter.doFilter(OncePerRequestFilter.java:119)
	at org.apache.catalina.core.ApplicationFilterChain.internalDoFilter(ApplicationFilterChain.java:193)
	at org.apache.catalina.core.ApplicationFilterChain.doFilter(ApplicationFilterChain.java:166)
	at org.springframework.web.filter.FormContentFilter.doFilterInternal(FormContentFilter.java:93)
	at org.springframework.web.filter.OncePerRequestFilter.doFilter(OncePerRequestFilter.java:119)
	at org.apache.catalina.core.ApplicationFilterChain.internalDoFilter(ApplicationFilterChain.java:193)
	at org.apache.catalina.core.ApplicationFilterChain.doFilter(ApplicationFilterChain.java:166)
	at org.springframework.boot.actuate.metrics.web.servlet.WebMvcMetricsFilter.doFilterInternal(WebMvcMetricsFilter.java:93)
	at org.springframework.web.filter.OncePerRequestFilter.doFilter(OncePerRequestFilter.java:119)
	at org.apache.catalina.core.ApplicationFilterChain.internalDoFilter(ApplicationFilterChain.java:193)
	at org.apache.catalina.core.ApplicationFilterChain.doFilter(ApplicationFilterChain.java:166)
	at org.springframework.web.filter.CharacterEncodingFilter.doFilterInternal(CharacterEncodingFilter.java:201)
	at org.springframework.web.filter.OncePerRequestFilter.doFilter(OncePerRequestFilter.java:119)
	at org.apache.catalina.core.ApplicationFilterChain.internalDoFilter(ApplicationFilterChain.java:193)
	at org.apache.catalina.core.ApplicationFilterChain.doFilter(ApplicationFilterChain.java:166)
	at org.apache.catalina.core.StandardWrapperValve.invoke(StandardWrapperValve.java:202)
	at org.apache.catalina.core.StandardContextValve.invoke(StandardContextValve.java:97)
	at org.apache.catalina.authenticator.AuthenticatorBase.invoke(AuthenticatorBase.java:542)
	at org.apache.catalina.core.StandardHostValve.invoke(StandardHostValve.java:143)
	at org.apache.catalina.valves.ErrorReportValve.invoke(ErrorReportValve.java:92)
	at org.apache.catalina.core.StandardEngineValve.invoke(StandardEngineValve.java:78)
	at org.apache.catalina.connector.CoyoteAdapter.service(CoyoteAdapter.java:343)
	at org.apache.coyote.http11.Http11Processor.service(Http11Processor.java:374)
	at org.apache.coyote.AbstractProcessorLight.process(AbstractProcessorLight.java:65)
	at org.apache.coyote.AbstractProtocol$ConnectionHandler.process(AbstractProtocol.java:868)
	at org.apache.tomcat.util.net.NioEndpoint$SocketProcessor.doRun(NioEndpoint.java:1590)
	at org.apache.tomcat.util.net.SocketProcessorBase.run(SocketProcessorBase.java:49)
	at java.base/java.util.concurrent.ThreadPoolExecutor.runWorker(ThreadPoolExecutor.java:1130)
	at java.base/java.util.concurrent.ThreadPoolExecutor$Worker.run(ThreadPoolExecutor.java:630)
	at org.apache.tomcat.util.threads.TaskThread$WrappingRunnable.run(TaskThread.java:61)
	at java.base/java.lang.Thread.run(Thread.java:832)
2021-03-05 16:01:28 febs-shiro ERROR http-nio-8848-exec-6 cc.mrbird.febs.common.handler.GlobalExceptionHandler UnauthorizedException, Subject does not have permission [apex:bar:view]
2021-03-05 16:06:15 febs-shiro ERROR http-nio-8848-exec-3 cc.mrbird.febs.common.handler.GlobalExceptionHandler UnauthorizedException, Subject does not have permission [apex:bar:view]
2021-03-05 16:16:58 febs-shiro ERROR http-nio-8848-exec-1 cc.mrbird.febs.common.handler.GlobalExceptionHandler UnauthorizedException, Subject does not have permission [apex:bar:view]
2021-03-05 16:18:09 febs-shiro ERROR http-nio-8848-exec-10 cc.mrbird.febs.common.handler.GlobalExceptionHandler UnauthorizedException, Subject does not have permission [apex:bar:view]
2021-03-05 16:19:13 febs-shiro ERROR http-nio-8848-exec-4 cc.mrbird.febs.common.handler.GlobalExceptionHandler UnauthorizedException, Subject does not have permission [apex:bar:view]
2021-03-05 16:20:28 febs-shiro ERROR http-nio-8848-exec-10 cc.mrbird.febs.common.handler.GlobalExceptionHandler UnauthorizedException, Subject does not have permission [apex:bar:view]
2021-03-05 16:22:04 febs-shiro ERROR http-nio-8848-exec-7 cc.mrbird.febs.common.handler.GlobalExceptionHandler UnauthorizedException, Subject does not have permission [apex:bar:view]
2021-03-05 16:27:51 febs-shiro ERROR http-nio-8848-exec-10 cc.mrbird.febs.common.handler.GlobalExceptionHandler UnauthorizedException, Subject does not have permission [apex:bar:view]
2021-03-05 16:28:11 febs-shiro ERROR http-nio-8848-exec-9 cc.mrbird.febs.common.handler.GlobalExceptionHandler UnauthorizedException, Subject does not have permission [apex:bar:view]
2021-03-05 16:28:30 febs-shiro ERROR http-nio-8848-exec-1 cc.mrbird.febs.common.handler.GlobalExceptionHandler UnauthorizedException, Subject does not have permission [apex:bar:view]
2021-03-05 16:32:54 febs-shiro ERROR http-nio-8848-exec-6 cc.mrbird.febs.common.handler.GlobalExceptionHandler UnauthorizedException, Subject does not have permission [apex:bar:view]
2021-03-05 16:33:02 febs-shiro ERROR http-nio-8848-exec-9 cc.mrbird.febs.common.handler.GlobalExceptionHandler UnauthorizedException, Subject does not have permission [apex:bar:view]
2021-03-05 16:34:06 febs-shiro ERROR http-nio-8848-exec-6 cc.mrbird.febs.common.handler.GlobalExceptionHandler UnauthorizedException, Subject does not have permission [progress:view]
2021-03-05 16:34:56 febs-shiro ERROR http-nio-8848-exec-1 cc.mrbird.febs.common.handler.GlobalExceptionHandler UnauthorizedException, Subject does not have permission [progress:view]
2021-03-05 16:35:37 febs-shiro ERROR http-nio-8848-exec-2 cc.mrbird.febs.common.handler.GlobalExceptionHandler UnauthorizedException, Subject does not have permission [progress:view]
2021-03-05 16:55:28 febs-shiro ERROR QuartzScheduler_FEBS_Scheduler-DESKTOP-JISOPA31614860854613_MisfireHandler org.springframework.scheduling.quartz.LocalDataSourceJobStore MisfireHandler: Error handling misfires: Couldn't retrieve trigger: No record found for selection of Trigger with key: 'DEFAULT.TASK_1' and statement: SELECT * FROM QRTZ_CRON_TRIGGERS WHERE SCHED_NAME = 'FEBS_Scheduler' AND TRIGGER_NAME = ? AND TRIGGER_GROUP = ?
org.quartz.JobPersistenceException: Couldn't retrieve trigger: No record found for selection of Trigger with key: 'DEFAULT.TASK_1' and statement: SELECT * FROM QRTZ_CRON_TRIGGERS WHERE SCHED_NAME = 'FEBS_Scheduler' AND TRIGGER_NAME = ? AND TRIGGER_GROUP = ?
	at org.quartz.impl.jdbcjobstore.JobStoreSupport.retrieveTrigger(JobStoreSupport.java:1538)
	at org.quartz.impl.jdbcjobstore.JobStoreSupport.recoverMisfiredJobs(JobStoreSupport.java:984)
	at org.quartz.impl.jdbcjobstore.JobStoreSupport.doRecoverMisfires(JobStoreSupport.java:3264)
	at org.quartz.impl.jdbcjobstore.JobStoreSupport$MisfireHandler.manage(JobStoreSupport.java:4012)
	at org.quartz.impl.jdbcjobstore.JobStoreSupport$MisfireHandler.run(JobStoreSupport.java:4033)
Caused by: java.lang.IllegalStateException: No record found for selection of Trigger with key: 'DEFAULT.TASK_1' and statement: SELECT * FROM QRTZ_CRON_TRIGGERS WHERE SCHED_NAME = 'FEBS_Scheduler' AND TRIGGER_NAME = ? AND TRIGGER_GROUP = ?
	at org.quartz.impl.jdbcjobstore.CronTriggerPersistenceDelegate.loadExtendedTriggerProperties(CronTriggerPersistenceDelegate.java:107)
	at org.quartz.impl.jdbcjobstore.StdJDBCDelegate.selectTrigger(StdJDBCDelegate.java:1819)
	at org.quartz.impl.jdbcjobstore.JobStoreSupport.retrieveTrigger(JobStoreSupport.java:1536)
	... 4 common frames omitted
2021-03-05 19:01:10 febs-shiro ERROR FEBS_Scheduler_Worker-1 cc.mrbird.febs.job.utils.ScheduleJob 任务执行失败，任务ID：11
java.lang.NoSuchMethodException: cc.mrbird.febs.job.task.TestTask.test2()
	at java.base/java.lang.Class.getDeclaredMethod(Class.java:2633)
	at cc.mrbird.febs.job.utils.ScheduleRunnable.<init>(ScheduleRunnable.java:29)
	at cc.mrbird.febs.job.utils.ScheduleJob.executeInternal(ScheduleJob.java:46)
	at org.springframework.scheduling.quartz.QuartzJobBean.execute(QuartzJobBean.java:75)
	at org.quartz.core.JobRunShell.run(JobRunShell.java:202)
	at org.quartz.simpl.SimpleThreadPool$WorkerThread.run(SimpleThreadPool.java:573)
2021-03-05 19:01:15 febs-shiro ERROR FEBS_Scheduler_Worker-2 cc.mrbird.febs.job.utils.ScheduleJob 任务执行失败，任务ID：11
java.lang.NoSuchMethodException: cc.mrbird.febs.job.task.TestTask.test2()
	at java.base/java.lang.Class.getDeclaredMethod(Class.java:2633)
	at cc.mrbird.febs.job.utils.ScheduleRunnable.<init>(ScheduleRunnable.java:29)
	at cc.mrbird.febs.job.utils.ScheduleJob.executeInternal(ScheduleJob.java:46)
	at org.springframework.scheduling.quartz.QuartzJobBean.execute(QuartzJobBean.java:75)
	at org.quartz.core.JobRunShell.run(JobRunShell.java:202)
	at org.quartz.simpl.SimpleThreadPool$WorkerThread.run(SimpleThreadPool.java:573)
2021-03-05 19:01:20 febs-shiro ERROR FEBS_Scheduler_Worker-3 cc.mrbird.febs.job.utils.ScheduleJob 任务执行失败，任务ID：11
java.lang.NoSuchMethodException: cc.mrbird.febs.job.task.TestTask.test2()
	at java.base/java.lang.Class.getDeclaredMethod(Class.java:2633)
	at cc.mrbird.febs.job.utils.ScheduleRunnable.<init>(ScheduleRunnable.java:29)
	at cc.mrbird.febs.job.utils.ScheduleJob.executeInternal(ScheduleJob.java:46)
	at org.springframework.scheduling.quartz.QuartzJobBean.execute(QuartzJobBean.java:75)
	at org.quartz.core.JobRunShell.run(JobRunShell.java:202)
	at org.quartz.simpl.SimpleThreadPool$WorkerThread.run(SimpleThreadPool.java:573)
2021-03-05 19:01:25 febs-shiro ERROR FEBS_Scheduler_Worker-4 cc.mrbird.febs.job.utils.ScheduleJob 任务执行失败，任务ID：11
java.lang.NoSuchMethodException: cc.mrbird.febs.job.task.TestTask.test2()
	at java.base/java.lang.Class.getDeclaredMethod(Class.java:2633)
	at cc.mrbird.febs.job.utils.ScheduleRunnable.<init>(ScheduleRunnable.java:29)
	at cc.mrbird.febs.job.utils.ScheduleJob.executeInternal(ScheduleJob.java:46)
	at org.springframework.scheduling.quartz.QuartzJobBean.execute(QuartzJobBean.java:75)
	at org.quartz.core.JobRunShell.run(JobRunShell.java:202)
	at org.quartz.simpl.SimpleThreadPool$WorkerThread.run(SimpleThreadPool.java:573)
2021-03-05 19:01:30 febs-shiro ERROR FEBS_Scheduler_Worker-5 cc.mrbird.febs.job.utils.ScheduleJob 任务执行失败，任务ID：11
java.lang.NoSuchMethodException: cc.mrbird.febs.job.task.TestTask.test2()
	at java.base/java.lang.Class.getDeclaredMethod(Class.java:2633)
	at cc.mrbird.febs.job.utils.ScheduleRunnable.<init>(ScheduleRunnable.java:29)
	at cc.mrbird.febs.job.utils.ScheduleJob.executeInternal(ScheduleJob.java:46)
	at org.springframework.scheduling.quartz.QuartzJobBean.execute(QuartzJobBean.java:75)
	at org.quartz.core.JobRunShell.run(JobRunShell.java:202)
	at org.quartz.simpl.SimpleThreadPool$WorkerThread.run(SimpleThreadPool.java:573)
2021-03-05 19:01:35 febs-shiro ERROR FEBS_Scheduler_Worker-6 cc.mrbird.febs.job.utils.ScheduleJob 任务执行失败，任务ID：11
java.lang.NoSuchMethodException: cc.mrbird.febs.job.task.TestTask.test2()
	at java.base/java.lang.Class.getDeclaredMethod(Class.java:2633)
	at cc.mrbird.febs.job.utils.ScheduleRunnable.<init>(ScheduleRunnable.java:29)
	at cc.mrbird.febs.job.utils.ScheduleJob.executeInternal(ScheduleJob.java:46)
	at org.springframework.scheduling.quartz.QuartzJobBean.execute(QuartzJobBean.java:75)
	at org.quartz.core.JobRunShell.run(JobRunShell.java:202)
	at org.quartz.simpl.SimpleThreadPool$WorkerThread.run(SimpleThreadPool.java:573)
2021-03-05 19:01:40 febs-shiro ERROR FEBS_Scheduler_Worker-7 cc.mrbird.febs.job.utils.ScheduleJob 任务执行失败，任务ID：11
java.lang.NoSuchMethodException: cc.mrbird.febs.job.task.TestTask.test2()
	at java.base/java.lang.Class.getDeclaredMethod(Class.java:2633)
	at cc.mrbird.febs.job.utils.ScheduleRunnable.<init>(ScheduleRunnable.java:29)
	at cc.mrbird.febs.job.utils.ScheduleJob.executeInternal(ScheduleJob.java:46)
	at org.springframework.scheduling.quartz.QuartzJobBean.execute(QuartzJobBean.java:75)
	at org.quartz.core.JobRunShell.run(JobRunShell.java:202)
	at org.quartz.simpl.SimpleThreadPool$WorkerThread.run(SimpleThreadPool.java:573)
2021-03-05 19:01:45 febs-shiro ERROR FEBS_Scheduler_Worker-8 cc.mrbird.febs.job.utils.ScheduleJob 任务执行失败，任务ID：11
java.lang.NoSuchMethodException: cc.mrbird.febs.job.task.TestTask.test2()
	at java.base/java.lang.Class.getDeclaredMethod(Class.java:2633)
	at cc.mrbird.febs.job.utils.ScheduleRunnable.<init>(ScheduleRunnable.java:29)
	at cc.mrbird.febs.job.utils.ScheduleJob.executeInternal(ScheduleJob.java:46)
	at org.springframework.scheduling.quartz.QuartzJobBean.execute(QuartzJobBean.java:75)
	at org.quartz.core.JobRunShell.run(JobRunShell.java:202)
	at org.quartz.simpl.SimpleThreadPool$WorkerThread.run(SimpleThreadPool.java:573)
2021-03-05 19:01:50 febs-shiro ERROR FEBS_Scheduler_Worker-9 cc.mrbird.febs.job.utils.ScheduleJob 任务执行失败，任务ID：11
java.lang.NoSuchMethodException: cc.mrbird.febs.job.task.TestTask.test2()
	at java.base/java.lang.Class.getDeclaredMethod(Class.java:2633)
	at cc.mrbird.febs.job.utils.ScheduleRunnable.<init>(ScheduleRunnable.java:29)
	at cc.mrbird.febs.job.utils.ScheduleJob.executeInternal(ScheduleJob.java:46)
	at org.springframework.scheduling.quartz.QuartzJobBean.execute(QuartzJobBean.java:75)
	at org.quartz.core.JobRunShell.run(JobRunShell.java:202)
	at org.quartz.simpl.SimpleThreadPool$WorkerThread.run(SimpleThreadPool.java:573)
2021-03-05 19:01:55 febs-shiro ERROR FEBS_Scheduler_Worker-10 cc.mrbird.febs.job.utils.ScheduleJob 任务执行失败，任务ID：11
java.lang.NoSuchMethodException: cc.mrbird.febs.job.task.TestTask.test2()
	at java.base/java.lang.Class.getDeclaredMethod(Class.java:2633)
	at cc.mrbird.febs.job.utils.ScheduleRunnable.<init>(ScheduleRunnable.java:29)
	at cc.mrbird.febs.job.utils.ScheduleJob.executeInternal(ScheduleJob.java:46)
	at org.springframework.scheduling.quartz.QuartzJobBean.execute(QuartzJobBean.java:75)
	at org.quartz.core.JobRunShell.run(JobRunShell.java:202)
	at org.quartz.simpl.SimpleThreadPool$WorkerThread.run(SimpleThreadPool.java:573)
2021-03-05 19:02:00 febs-shiro ERROR FEBS_Scheduler_Worker-11 cc.mrbird.febs.job.utils.ScheduleJob 任务执行失败，任务ID：11
java.lang.NoSuchMethodException: cc.mrbird.febs.job.task.TestTask.test2()
	at java.base/java.lang.Class.getDeclaredMethod(Class.java:2633)
	at cc.mrbird.febs.job.utils.ScheduleRunnable.<init>(ScheduleRunnable.java:29)
	at cc.mrbird.febs.job.utils.ScheduleJob.executeInternal(ScheduleJob.java:46)
	at org.springframework.scheduling.quartz.QuartzJobBean.execute(QuartzJobBean.java:75)
	at org.quartz.core.JobRunShell.run(JobRunShell.java:202)
	at org.quartz.simpl.SimpleThreadPool$WorkerThread.run(SimpleThreadPool.java:573)
2021-03-05 19:02:05 febs-shiro ERROR FEBS_Scheduler_Worker-12 cc.mrbird.febs.job.utils.ScheduleJob 任务执行失败，任务ID：11
java.lang.NoSuchMethodException: cc.mrbird.febs.job.task.TestTask.test2()
	at java.base/java.lang.Class.getDeclaredMethod(Class.java:2633)
	at cc.mrbird.febs.job.utils.ScheduleRunnable.<init>(ScheduleRunnable.java:29)
	at cc.mrbird.febs.job.utils.ScheduleJob.executeInternal(ScheduleJob.java:46)
	at org.springframework.scheduling.quartz.QuartzJobBean.execute(QuartzJobBean.java:75)
	at org.quartz.core.JobRunShell.run(JobRunShell.java:202)
	at org.quartz.simpl.SimpleThreadPool$WorkerThread.run(SimpleThreadPool.java:573)
2021-03-05 19:02:10 febs-shiro ERROR FEBS_Scheduler_Worker-13 cc.mrbird.febs.job.utils.ScheduleJob 任务执行失败，任务ID：11
java.lang.NoSuchMethodException: cc.mrbird.febs.job.task.TestTask.test2()
	at java.base/java.lang.Class.getDeclaredMethod(Class.java:2633)
	at cc.mrbird.febs.job.utils.ScheduleRunnable.<init>(ScheduleRunnable.java:29)
	at cc.mrbird.febs.job.utils.ScheduleJob.executeInternal(ScheduleJob.java:46)
	at org.springframework.scheduling.quartz.QuartzJobBean.execute(QuartzJobBean.java:75)
	at org.quartz.core.JobRunShell.run(JobRunShell.java:202)
	at org.quartz.simpl.SimpleThreadPool$WorkerThread.run(SimpleThreadPool.java:573)
2021-03-05 19:02:15 febs-shiro ERROR FEBS_Scheduler_Worker-14 cc.mrbird.febs.job.utils.ScheduleJob 任务执行失败，任务ID：11
java.lang.NoSuchMethodException: cc.mrbird.febs.job.task.TestTask.test2()
	at java.base/java.lang.Class.getDeclaredMethod(Class.java:2633)
	at cc.mrbird.febs.job.utils.ScheduleRunnable.<init>(ScheduleRunnable.java:29)
	at cc.mrbird.febs.job.utils.ScheduleJob.executeInternal(ScheduleJob.java:46)
	at org.springframework.scheduling.quartz.QuartzJobBean.execute(QuartzJobBean.java:75)
	at org.quartz.core.JobRunShell.run(JobRunShell.java:202)
	at org.quartz.simpl.SimpleThreadPool$WorkerThread.run(SimpleThreadPool.java:573)
2021-03-05 19:02:20 febs-shiro ERROR FEBS_Scheduler_Worker-15 cc.mrbird.febs.job.utils.ScheduleJob 任务执行失败，任务ID：11
java.lang.NoSuchMethodException: cc.mrbird.febs.job.task.TestTask.test2()
	at java.base/java.lang.Class.getDeclaredMethod(Class.java:2633)
	at cc.mrbird.febs.job.utils.ScheduleRunnable.<init>(ScheduleRunnable.java:29)
	at cc.mrbird.febs.job.utils.ScheduleJob.executeInternal(ScheduleJob.java:46)
	at org.springframework.scheduling.quartz.QuartzJobBean.execute(QuartzJobBean.java:75)
	at org.quartz.core.JobRunShell.run(JobRunShell.java:202)
	at org.quartz.simpl.SimpleThreadPool$WorkerThread.run(SimpleThreadPool.java:573)
2021-03-05 19:02:25 febs-shiro ERROR FEBS_Scheduler_Worker-16 cc.mrbird.febs.job.utils.ScheduleJob 任务执行失败，任务ID：11
java.lang.NoSuchMethodException: cc.mrbird.febs.job.task.TestTask.test2()
	at java.base/java.lang.Class.getDeclaredMethod(Class.java:2633)
	at cc.mrbird.febs.job.utils.ScheduleRunnable.<init>(ScheduleRunnable.java:29)
	at cc.mrbird.febs.job.utils.ScheduleJob.executeInternal(ScheduleJob.java:46)
	at org.springframework.scheduling.quartz.QuartzJobBean.execute(QuartzJobBean.java:75)
	at org.quartz.core.JobRunShell.run(JobRunShell.java:202)
	at org.quartz.simpl.SimpleThreadPool$WorkerThread.run(SimpleThreadPool.java:573)
2021-03-05 19:02:30 febs-shiro ERROR FEBS_Scheduler_Worker-17 cc.mrbird.febs.job.utils.ScheduleJob 任务执行失败，任务ID：11
java.lang.NoSuchMethodException: cc.mrbird.febs.job.task.TestTask.test2()
	at java.base/java.lang.Class.getDeclaredMethod(Class.java:2633)
	at cc.mrbird.febs.job.utils.ScheduleRunnable.<init>(ScheduleRunnable.java:29)
	at cc.mrbird.febs.job.utils.ScheduleJob.executeInternal(ScheduleJob.java:46)
	at org.springframework.scheduling.quartz.QuartzJobBean.execute(QuartzJobBean.java:75)
	at org.quartz.core.JobRunShell.run(JobRunShell.java:202)
	at org.quartz.simpl.SimpleThreadPool$WorkerThread.run(SimpleThreadPool.java:573)
2021-03-05 19:02:35 febs-shiro ERROR FEBS_Scheduler_Worker-18 cc.mrbird.febs.job.utils.ScheduleJob 任务执行失败，任务ID：11
java.lang.NoSuchMethodException: cc.mrbird.febs.job.task.TestTask.test2()
	at java.base/java.lang.Class.getDeclaredMethod(Class.java:2633)
	at cc.mrbird.febs.job.utils.ScheduleRunnable.<init>(ScheduleRunnable.java:29)
	at cc.mrbird.febs.job.utils.ScheduleJob.executeInternal(ScheduleJob.java:46)
	at org.springframework.scheduling.quartz.QuartzJobBean.execute(QuartzJobBean.java:75)
	at org.quartz.core.JobRunShell.run(JobRunShell.java:202)
	at org.quartz.simpl.SimpleThreadPool$WorkerThread.run(SimpleThreadPool.java:573)
2021-03-05 19:02:40 febs-shiro ERROR FEBS_Scheduler_Worker-19 cc.mrbird.febs.job.utils.ScheduleJob 任务执行失败，任务ID：11
java.lang.NoSuchMethodException: cc.mrbird.febs.job.task.TestTask.test2()
	at java.base/java.lang.Class.getDeclaredMethod(Class.java:2633)
	at cc.mrbird.febs.job.utils.ScheduleRunnable.<init>(ScheduleRunnable.java:29)
	at cc.mrbird.febs.job.utils.ScheduleJob.executeInternal(ScheduleJob.java:46)
	at org.springframework.scheduling.quartz.QuartzJobBean.execute(QuartzJobBean.java:75)
	at org.quartz.core.JobRunShell.run(JobRunShell.java:202)
	at org.quartz.simpl.SimpleThreadPool$WorkerThread.run(SimpleThreadPool.java:573)
2021-03-05 19:02:45 febs-shiro ERROR FEBS_Scheduler_QuartzSchedulerThread org.quartz.core.ErrorLogger An error occurred while scanning for the next triggers to fire.
org.quartz.JobPersistenceException: Couldn't acquire next trigger: Couldn't retrieve trigger: No record found for selection of Trigger with key: 'DEFAULT.TASK_11' and statement: SELECT * FROM QRTZ_CRON_TRIGGERS WHERE SCHED_NAME = 'FEBS_Scheduler' AND TRIGGER_NAME = ? AND TRIGGER_GROUP = ?
	at org.quartz.impl.jdbcjobstore.JobStoreSupport.acquireNextTrigger(JobStoreSupport.java:2923)
	at org.quartz.impl.jdbcjobstore.JobStoreSupport$41.execute(JobStoreSupport.java:2805)
	at org.quartz.impl.jdbcjobstore.JobStoreSupport$41.execute(JobStoreSupport.java:2803)
	at org.quartz.impl.jdbcjobstore.JobStoreSupport.executeInNonManagedTXLock(JobStoreSupport.java:3864)
	at org.quartz.impl.jdbcjobstore.JobStoreSupport.acquireNextTriggers(JobStoreSupport.java:2802)
	at org.quartz.core.QuartzSchedulerThread.run(QuartzSchedulerThread.java:287)
Caused by: org.quartz.JobPersistenceException: Couldn't retrieve trigger: No record found for selection of Trigger with key: 'DEFAULT.TASK_11' and statement: SELECT * FROM QRTZ_CRON_TRIGGERS WHERE SCHED_NAME = 'FEBS_Scheduler' AND TRIGGER_NAME = ? AND TRIGGER_GROUP = ?
	at org.quartz.impl.jdbcjobstore.JobStoreSupport.retrieveTrigger(JobStoreSupport.java:1538)
	at org.quartz.impl.jdbcjobstore.JobStoreSupport.acquireNextTrigger(JobStoreSupport.java:2854)
	... 5 common frames omitted
Caused by: java.lang.IllegalStateException: No record found for selection of Trigger with key: 'DEFAULT.TASK_11' and statement: SELECT * FROM QRTZ_CRON_TRIGGERS WHERE SCHED_NAME = 'FEBS_Scheduler' AND TRIGGER_NAME = ? AND TRIGGER_GROUP = ?
	at org.quartz.impl.jdbcjobstore.CronTriggerPersistenceDelegate.loadExtendedTriggerProperties(CronTriggerPersistenceDelegate.java:107)
	at org.quartz.impl.jdbcjobstore.StdJDBCDelegate.selectTrigger(StdJDBCDelegate.java:1819)
	at org.quartz.impl.jdbcjobstore.JobStoreSupport.retrieveTrigger(JobStoreSupport.java:1536)
	... 6 common frames omitted
2021-03-05 19:02:45 febs-shiro ERROR FEBS_Scheduler_Worker-20 cc.mrbird.febs.job.utils.ScheduleJob 任务执行失败，任务ID：11
java.lang.NoSuchMethodException: cc.mrbird.febs.job.task.TestTask.test2()
	at java.base/java.lang.Class.getDeclaredMethod(Class.java:2633)
	at cc.mrbird.febs.job.utils.ScheduleRunnable.<init>(ScheduleRunnable.java:29)
	at cc.mrbird.febs.job.utils.ScheduleJob.executeInternal(ScheduleJob.java:46)
	at org.springframework.scheduling.quartz.QuartzJobBean.execute(QuartzJobBean.java:75)
	at org.quartz.core.JobRunShell.run(JobRunShell.java:202)
	at org.quartz.simpl.SimpleThreadPool$WorkerThread.run(SimpleThreadPool.java:573)
2021-03-05 19:46:42 febs-shiro ERROR QuartzScheduler_FEBS_Scheduler-DESKTOP-JISOPA31614860854613_MisfireHandler org.springframework.scheduling.quartz.LocalDataSourceJobStore MisfireHandler: Error handling misfires: Couldn't retrieve trigger: No record found for selection of Trigger with key: 'DEFAULT.TASK_2' and statement: SELECT * FROM QRTZ_CRON_TRIGGERS WHERE SCHED_NAME = 'FEBS_Scheduler' AND TRIGGER_NAME = ? AND TRIGGER_GROUP = ?
org.quartz.JobPersistenceException: Couldn't retrieve trigger: No record found for selection of Trigger with key: 'DEFAULT.TASK_2' and statement: SELECT * FROM QRTZ_CRON_TRIGGERS WHERE SCHED_NAME = 'FEBS_Scheduler' AND TRIGGER_NAME = ? AND TRIGGER_GROUP = ?
	at org.quartz.impl.jdbcjobstore.JobStoreSupport.retrieveTrigger(JobStoreSupport.java:1538)
	at org.quartz.impl.jdbcjobstore.JobStoreSupport.recoverMisfiredJobs(JobStoreSupport.java:984)
	at org.quartz.impl.jdbcjobstore.JobStoreSupport.doRecoverMisfires(JobStoreSupport.java:3264)
	at org.quartz.impl.jdbcjobstore.JobStoreSupport$MisfireHandler.manage(JobStoreSupport.java:4012)
	at org.quartz.impl.jdbcjobstore.JobStoreSupport$MisfireHandler.run(JobStoreSupport.java:4033)
Caused by: java.lang.IllegalStateException: No record found for selection of Trigger with key: 'DEFAULT.TASK_2' and statement: SELECT * FROM QRTZ_CRON_TRIGGERS WHERE SCHED_NAME = 'FEBS_Scheduler' AND TRIGGER_NAME = ? AND TRIGGER_GROUP = ?
	at org.quartz.impl.jdbcjobstore.CronTriggerPersistenceDelegate.loadExtendedTriggerProperties(CronTriggerPersistenceDelegate.java:107)
	at org.quartz.impl.jdbcjobstore.StdJDBCDelegate.selectTrigger(StdJDBCDelegate.java:1819)
	at org.quartz.impl.jdbcjobstore.JobStoreSupport.retrieveTrigger(JobStoreSupport.java:1536)
	... 4 common frames omitted
2021-03-05 20:11:46 febs-shiro ERROR QuartzScheduler_FEBS_Scheduler-DESKTOP-JISOPA31614860854613_MisfireHandler org.springframework.scheduling.quartz.LocalDataSourceJobStore MisfireHandler: Error handling misfires: Couldn't retrieve trigger: No record found for selection of Trigger with key: 'DEFAULT.TASK_2' and statement: SELECT * FROM QRTZ_CRON_TRIGGERS WHERE SCHED_NAME = 'FEBS_Scheduler' AND TRIGGER_NAME = ? AND TRIGGER_GROUP = ?
org.quartz.JobPersistenceException: Couldn't retrieve trigger: No record found for selection of Trigger with key: 'DEFAULT.TASK_2' and statement: SELECT * FROM QRTZ_CRON_TRIGGERS WHERE SCHED_NAME = 'FEBS_Scheduler' AND TRIGGER_NAME = ? AND TRIGGER_GROUP = ?
	at org.quartz.impl.jdbcjobstore.JobStoreSupport.retrieveTrigger(JobStoreSupport.java:1538)
	at org.quartz.impl.jdbcjobstore.JobStoreSupport.recoverMisfiredJobs(JobStoreSupport.java:984)
	at org.quartz.impl.jdbcjobstore.JobStoreSupport.doRecoverMisfires(JobStoreSupport.java:3264)
	at org.quartz.impl.jdbcjobstore.JobStoreSupport$MisfireHandler.manage(JobStoreSupport.java:4012)
	at org.quartz.impl.jdbcjobstore.JobStoreSupport$MisfireHandler.run(JobStoreSupport.java:4033)
Caused by: java.lang.IllegalStateException: No record found for selection of Trigger with key: 'DEFAULT.TASK_2' and statement: SELECT * FROM QRTZ_CRON_TRIGGERS WHERE SCHED_NAME = 'FEBS_Scheduler' AND TRIGGER_NAME = ? AND TRIGGER_GROUP = ?
	at org.quartz.impl.jdbcjobstore.CronTriggerPersistenceDelegate.loadExtendedTriggerProperties(CronTriggerPersistenceDelegate.java:107)
	at org.quartz.impl.jdbcjobstore.StdJDBCDelegate.selectTrigger(StdJDBCDelegate.java:1819)
	at org.quartz.impl.jdbcjobstore.JobStoreSupport.retrieveTrigger(JobStoreSupport.java:1536)
	... 4 common frames omitted
2021-03-05 20:24:37 febs-shiro ERROR http-nio-8848-exec-4 cc.mrbird.febs.common.handler.GlobalExceptionHandler 系统内部异常，异常信息
org.mybatis.spring.MyBatisSystemException: nested exception is org.apache.ibatis.type.TypeException: Could not set parameters for mapping: ParameterMapping{property='userId', mode=IN, javaType=class java.lang.Long, jdbcType=null, numericScale=null, resultMapId='null', jdbcTypeName='null', expression='null'}. Cause: org.apache.ibatis.type.TypeException: Error setting non null for parameter #1 with JdbcType null . Try setting a different JdbcType for this parameter or a different configuration property. Cause: java.sql.SQLException: Parameter index out of range (1 > number of parameters, which is 0).
	at org.mybatis.spring.MyBatisExceptionTranslator.translateExceptionIfPossible(MyBatisExceptionTranslator.java:92)
	at org.mybatis.spring.SqlSessionTemplate$SqlSessionInterceptor.invoke(SqlSessionTemplate.java:440)
	at com.sun.proxy.$Proxy129.selectList(Unknown Source)
	at org.mybatis.spring.SqlSessionTemplate.selectList(SqlSessionTemplate.java:223)
	at com.baomidou.mybatisplus.core.override.MybatisMapperMethod.executeForMany(MybatisMapperMethod.java:177)
	at com.baomidou.mybatisplus.core.override.MybatisMapperMethod.execute(MybatisMapperMethod.java:78)
	at com.baomidou.mybatisplus.core.override.MybatisMapperProxy.invoke(MybatisMapperProxy.java:96)
	at com.sun.proxy.$Proxy155.getChapterRight(Unknown Source)
	at cc.mrbird.febs.exercise.service.impl.QuestionStudentStatusServiceImpl.getChapterRight(QuestionStudentStatusServiceImpl.java:73)
	at cc.mrbird.febs.exercise.service.impl.QuestionStudentStatusServiceImpl$$FastClassBySpringCGLIB$$eb962ce9.invoke(<generated>)
	at org.springframework.cglib.proxy.MethodProxy.invoke(MethodProxy.java:218)
	at org.springframework.aop.framework.CglibAopProxy$CglibMethodInvocation.invokeJoinpoint(CglibAopProxy.java:771)
	at org.springframework.aop.framework.ReflectiveMethodInvocation.proceed(ReflectiveMethodInvocation.java:163)
	at org.springframework.aop.framework.CglibAopProxy$CglibMethodInvocation.proceed(CglibAopProxy.java:749)
	at org.springframework.transaction.interceptor.TransactionAspectSupport.invokeWithinTransaction(TransactionAspectSupport.java:371)
	at org.springframework.transaction.interceptor.TransactionInterceptor.invoke(TransactionInterceptor.java:134)
	at org.springframework.aop.framework.ReflectiveMethodInvocation.proceed(ReflectiveMethodInvocation.java:186)
	at org.springframework.aop.framework.CglibAopProxy$CglibMethodInvocation.proceed(CglibAopProxy.java:749)
	at org.springframework.aop.framework.CglibAopProxy$DynamicAdvisedInterceptor.intercept(CglibAopProxy.java:691)
	at cc.mrbird.febs.exercise.service.impl.QuestionStudentStatusServiceImpl$$EnhancerBySpringCGLIB$$83697ec8.getChapterRight(<generated>)
	at cc.mrbird.febs.exercise.controller.QuestionStudentStatusController.getChapterRightNum(QuestionStudentStatusController.java:121)
	at cc.mrbird.febs.exercise.controller.QuestionStudentStatusController$$FastClassBySpringCGLIB$$938b730b.invoke(<generated>)
	at org.springframework.cglib.proxy.MethodProxy.invoke(MethodProxy.java:218)
	at org.springframework.aop.framework.CglibAopProxy$CglibMethodInvocation.invokeJoinpoint(CglibAopProxy.java:771)
	at org.springframework.aop.framework.ReflectiveMethodInvocation.proceed(ReflectiveMethodInvocation.java:163)
	at org.springframework.aop.framework.CglibAopProxy$CglibMethodInvocation.proceed(CglibAopProxy.java:749)
	at org.springframework.validation.beanvalidation.MethodValidationInterceptor.invoke(MethodValidationInterceptor.java:123)
	at org.springframework.aop.framework.ReflectiveMethodInvocation.proceed(ReflectiveMethodInvocation.java:186)
	at org.springframework.aop.framework.CglibAopProxy$CglibMethodInvocation.proceed(CglibAopProxy.java:749)
	at org.apache.shiro.spring.security.interceptor.AopAllianceAnnotationsAuthorizingMethodInterceptor$1.proceed(AopAllianceAnnotationsAuthorizingMethodInterceptor.java:82)
	at org.apache.shiro.authz.aop.AuthorizingMethodInterceptor.invoke(AuthorizingMethodInterceptor.java:39)
	at org.apache.shiro.spring.security.interceptor.AopAllianceAnnotationsAuthorizingMethodInterceptor.invoke(AopAllianceAnnotationsAuthorizingMethodInterceptor.java:115)
	at org.springframework.aop.framework.ReflectiveMethodInvocation.proceed(ReflectiveMethodInvocation.java:186)
	at org.springframework.aop.framework.CglibAopProxy$CglibMethodInvocation.proceed(CglibAopProxy.java:749)
	at org.springframework.aop.interceptor.ExposeInvocationInterceptor.invoke(ExposeInvocationInterceptor.java:97)
	at org.springframework.aop.framework.ReflectiveMethodInvocation.proceed(ReflectiveMethodInvocation.java:186)
	at org.springframework.aop.framework.CglibAopProxy$CglibMethodInvocation.proceed(CglibAopProxy.java:749)
	at org.springframework.aop.framework.CglibAopProxy$DynamicAdvisedInterceptor.intercept(CglibAopProxy.java:691)
	at cc.mrbird.febs.exercise.controller.QuestionStudentStatusController$$EnhancerBySpringCGLIB$$f92d7dfe.getChapterRightNum(<generated>)
	at java.base/jdk.internal.reflect.NativeMethodAccessorImpl.invoke0(Native Method)
	at java.base/jdk.internal.reflect.NativeMethodAccessorImpl.invoke(NativeMethodAccessorImpl.java:64)
	at java.base/jdk.internal.reflect.DelegatingMethodAccessorImpl.invoke(DelegatingMethodAccessorImpl.java:43)
	at java.base/java.lang.reflect.Method.invoke(Method.java:564)
	at org.springframework.web.method.support.InvocableHandlerMethod.doInvoke(InvocableHandlerMethod.java:197)
	at org.springframework.web.method.support.InvocableHandlerMethod.invokeForRequest(InvocableHandlerMethod.java:141)
	at org.springframework.web.servlet.mvc.method.annotation.ServletInvocableHandlerMethod.invokeAndHandle(ServletInvocableHandlerMethod.java:106)
	at org.springframework.web.servlet.mvc.method.annotation.RequestMappingHandlerAdapter.invokeHandlerMethod(RequestMappingHandlerAdapter.java:893)
	at org.springframework.web.servlet.mvc.method.annotation.RequestMappingHandlerAdapter.handleInternal(RequestMappingHandlerAdapter.java:807)
	at org.springframework.web.servlet.mvc.method.AbstractHandlerMethodAdapter.handle(AbstractHandlerMethodAdapter.java:87)
	at org.springframework.web.servlet.DispatcherServlet.doDispatch(DispatcherServlet.java:1061)
	at org.springframework.web.servlet.DispatcherServlet.doService(DispatcherServlet.java:961)
	at org.springframework.web.servlet.FrameworkServlet.processRequest(FrameworkServlet.java:1006)
	at org.springframework.web.servlet.FrameworkServlet.doGet(FrameworkServlet.java:898)
	at javax.servlet.http.HttpServlet.service(HttpServlet.java:626)
	at org.springframework.web.servlet.FrameworkServlet.service(FrameworkServlet.java:883)
	at javax.servlet.http.HttpServlet.service(HttpServlet.java:733)
	at org.apache.catalina.core.ApplicationFilterChain.internalDoFilter(ApplicationFilterChain.java:231)
	at org.apache.catalina.core.ApplicationFilterChain.doFilter(ApplicationFilterChain.java:166)
	at org.apache.tomcat.websocket.server.WsFilter.doFilter(WsFilter.java:53)
	at org.apache.catalina.core.ApplicationFilterChain.internalDoFilter(ApplicationFilterChain.java:193)
	at org.apache.catalina.core.ApplicationFilterChain.doFilter(ApplicationFilterChain.java:166)
	at org.apache.shiro.web.servlet.ProxiedFilterChain.doFilter(ProxiedFilterChain.java:61)
	at org.apache.shiro.web.servlet.AdviceFilter.executeChain(AdviceFilter.java:108)
	at org.apache.shiro.web.servlet.AdviceFilter.doFilterInternal(AdviceFilter.java:137)
	at org.apache.shiro.web.servlet.OncePerRequestFilter.doFilter(OncePerRequestFilter.java:125)
	at org.apache.shiro.web.servlet.ProxiedFilterChain.doFilter(ProxiedFilterChain.java:66)
	at org.apache.shiro.web.servlet.AdviceFilter.executeChain(AdviceFilter.java:108)
	at org.apache.shiro.web.servlet.AdviceFilter.doFilterInternal(AdviceFilter.java:137)
	at org.apache.shiro.web.servlet.OncePerRequestFilter.doFilter(OncePerRequestFilter.java:125)
	at org.apache.shiro.web.servlet.ProxiedFilterChain.doFilter(ProxiedFilterChain.java:66)
	at org.apache.shiro.web.servlet.AbstractShiroFilter.executeChain(AbstractShiroFilter.java:450)
	at org.apache.shiro.web.servlet.AbstractShiroFilter$1.call(AbstractShiroFilter.java:365)
	at org.apache.shiro.subject.support.SubjectCallable.doCall(SubjectCallable.java:90)
	at org.apache.shiro.subject.support.SubjectCallable.call(SubjectCallable.java:83)
	at org.apache.shiro.subject.support.DelegatingSubject.execute(DelegatingSubject.java:387)
	at org.apache.shiro.web.servlet.AbstractShiroFilter.doFilterInternal(AbstractShiroFilter.java:362)
	at org.apache.shiro.web.servlet.OncePerRequestFilter.doFilter(OncePerRequestFilter.java:125)
	at org.apache.catalina.core.ApplicationFilterChain.internalDoFilter(ApplicationFilterChain.java:193)
	at org.apache.catalina.core.ApplicationFilterChain.doFilter(ApplicationFilterChain.java:166)
	at org.springframework.web.servlet.resource.ResourceUrlEncodingFilter.doFilter(ResourceUrlEncodingFilter.java:67)
	at org.apache.catalina.core.ApplicationFilterChain.internalDoFilter(ApplicationFilterChain.java:193)
	at org.apache.catalina.core.ApplicationFilterChain.doFilter(ApplicationFilterChain.java:166)
	at org.springframework.boot.actuate.web.trace.servlet.HttpTraceFilter.doFilterInternal(HttpTraceFilter.java:88)
	at org.springframework.web.filter.OncePerRequestFilter.doFilter(OncePerRequestFilter.java:119)
	at org.apache.catalina.core.ApplicationFilterChain.internalDoFilter(ApplicationFilterChain.java:193)
	at org.apache.catalina.core.ApplicationFilterChain.doFilter(ApplicationFilterChain.java:166)
	at cc.mrbird.febs.common.xss.XssFilter.doFilter(XssFilter.java:54)
	at org.apache.catalina.core.ApplicationFilterChain.internalDoFilter(ApplicationFilterChain.java:193)
	at org.apache.catalina.core.ApplicationFilterChain.doFilter(ApplicationFilterChain.java:166)
	at org.springframework.web.filter.RequestContextFilter.doFilterInternal(RequestContextFilter.java:100)
	at org.springframework.web.filter.OncePerRequestFilter.doFilter(OncePerRequestFilter.java:119)
	at org.apache.catalina.core.ApplicationFilterChain.internalDoFilter(ApplicationFilterChain.java:193)
	at org.apache.catalina.core.ApplicationFilterChain.doFilter(ApplicationFilterChain.java:166)
	at org.springframework.web.filter.FormContentFilter.doFilterInternal(FormContentFilter.java:93)
	at org.springframework.web.filter.OncePerRequestFilter.doFilter(OncePerRequestFilter.java:119)
	at org.apache.catalina.core.ApplicationFilterChain.internalDoFilter(ApplicationFilterChain.java:193)
	at org.apache.catalina.core.ApplicationFilterChain.doFilter(ApplicationFilterChain.java:166)
	at org.springframework.boot.actuate.metrics.web.servlet.WebMvcMetricsFilter.doFilterInternal(WebMvcMetricsFilter.java:93)
	at org.springframework.web.filter.OncePerRequestFilter.doFilter(OncePerRequestFilter.java:119)
	at org.apache.catalina.core.ApplicationFilterChain.internalDoFilter(ApplicationFilterChain.java:193)
	at org.apache.catalina.core.ApplicationFilterChain.doFilter(ApplicationFilterChain.java:166)
	at org.springframework.web.filter.CharacterEncodingFilter.doFilterInternal(CharacterEncodingFilter.java:201)
	at org.springframework.web.filter.OncePerRequestFilter.doFilter(OncePerRequestFilter.java:119)
	at org.apache.catalina.core.ApplicationFilterChain.internalDoFilter(ApplicationFilterChain.java:193)
	at org.apache.catalina.core.ApplicationFilterChain.doFilter(ApplicationFilterChain.java:166)
	at org.apache.catalina.core.StandardWrapperValve.invoke(StandardWrapperValve.java:202)
	at org.apache.catalina.core.StandardContextValve.invoke(StandardContextValve.java:97)
	at org.apache.catalina.authenticator.AuthenticatorBase.invoke(AuthenticatorBase.java:542)
	at org.apache.catalina.core.StandardHostValve.invoke(StandardHostValve.java:143)
	at org.apache.catalina.valves.ErrorReportValve.invoke(ErrorReportValve.java:92)
	at org.apache.catalina.core.StandardEngineValve.invoke(StandardEngineValve.java:78)
	at org.apache.catalina.connector.CoyoteAdapter.service(CoyoteAdapter.java:343)
	at org.apache.coyote.http11.Http11Processor.service(Http11Processor.java:374)
	at org.apache.coyote.AbstractProcessorLight.process(AbstractProcessorLight.java:65)
	at org.apache.coyote.AbstractProtocol$ConnectionHandler.process(AbstractProtocol.java:868)
	at org.apache.tomcat.util.net.NioEndpoint$SocketProcessor.doRun(NioEndpoint.java:1590)
	at org.apache.tomcat.util.net.SocketProcessorBase.run(SocketProcessorBase.java:49)
	at java.base/java.util.concurrent.ThreadPoolExecutor.runWorker(ThreadPoolExecutor.java:1130)
	at java.base/java.util.concurrent.ThreadPoolExecutor$Worker.run(ThreadPoolExecutor.java:630)
	at org.apache.tomcat.util.threads.TaskThread$WrappingRunnable.run(TaskThread.java:61)
	at java.base/java.lang.Thread.run(Thread.java:832)
Caused by: org.apache.ibatis.type.TypeException: Could not set parameters for mapping: ParameterMapping{property='userId', mode=IN, javaType=class java.lang.Long, jdbcType=null, numericScale=null, resultMapId='null', jdbcTypeName='null', expression='null'}. Cause: org.apache.ibatis.type.TypeException: Error setting non null for parameter #1 with JdbcType null . Try setting a different JdbcType for this parameter or a different configuration property. Cause: java.sql.SQLException: Parameter index out of range (1 > number of parameters, which is 0).
	at com.baomidou.mybatisplus.core.MybatisDefaultParameterHandler.setParameters(MybatisDefaultParameterHandler.java:233)
	at org.apache.ibatis.executor.statement.PreparedStatementHandler.parameterize(PreparedStatementHandler.java:94)
	at org.apache.ibatis.executor.statement.RoutingStatementHandler.parameterize(RoutingStatementHandler.java:64)
	at jdk.internal.reflect.GeneratedMethodAccessor148.invoke(Unknown Source)
	at java.base/jdk.internal.reflect.DelegatingMethodAccessorImpl.invoke(DelegatingMethodAccessorImpl.java:43)
	at java.base/java.lang.reflect.Method.invoke(Method.java:564)
	at org.apache.ibatis.plugin.Plugin.invoke(Plugin.java:63)
	at com.sun.proxy.$Proxy166.parameterize(Unknown Source)
	at jdk.internal.reflect.GeneratedMethodAccessor148.invoke(Unknown Source)
	at java.base/jdk.internal.reflect.DelegatingMethodAccessorImpl.invoke(DelegatingMethodAccessorImpl.java:43)
	at java.base/java.lang.reflect.Method.invoke(Method.java:564)
	at org.apache.ibatis.plugin.Plugin.invoke(Plugin.java:63)
	at com.sun.proxy.$Proxy166.parameterize(Unknown Source)
	at com.baomidou.mybatisplus.core.executor.MybatisSimpleExecutor.prepareStatement(MybatisSimpleExecutor.java:97)
	at com.baomidou.mybatisplus.core.executor.MybatisSimpleExecutor.doQuery(MybatisSimpleExecutor.java:66)
	at org.apache.ibatis.executor.BaseExecutor.queryFromDatabase(BaseExecutor.java:324)
	at org.apache.ibatis.executor.BaseExecutor.query(BaseExecutor.java:156)
	at com.baomidou.mybatisplus.core.executor.MybatisCachingExecutor.query(MybatisCachingExecutor.java:163)
	at com.baomidou.mybatisplus.core.executor.MybatisCachingExecutor.query(MybatisCachingExecutor.java:90)
	at java.base/jdk.internal.reflect.NativeMethodAccessorImpl.invoke0(Native Method)
	at java.base/jdk.internal.reflect.NativeMethodAccessorImpl.invoke(NativeMethodAccessorImpl.java:64)
	at java.base/jdk.internal.reflect.DelegatingMethodAccessorImpl.invoke(DelegatingMethodAccessorImpl.java:43)
	at java.base/java.lang.reflect.Method.invoke(Method.java:564)
	at org.apache.ibatis.plugin.Invocation.proceed(Invocation.java:49)
	at cc.mrbird.febs.common.interceptor.DesensitizationInterceptor.intercept(DesensitizationInterceptor.java:34)
	at org.apache.ibatis.plugin.Plugin.invoke(Plugin.java:61)
	at com.sun.proxy.$Proxy165.query(Unknown Source)
	at org.apache.ibatis.session.defaults.DefaultSqlSession.selectList(DefaultSqlSession.java:147)
	at org.apache.ibatis.session.defaults.DefaultSqlSession.selectList(DefaultSqlSession.java:140)
	at java.base/jdk.internal.reflect.NativeMethodAccessorImpl.invoke0(Native Method)
	at java.base/jdk.internal.reflect.NativeMethodAccessorImpl.invoke(NativeMethodAccessorImpl.java:64)
	at java.base/jdk.internal.reflect.DelegatingMethodAccessorImpl.invoke(DelegatingMethodAccessorImpl.java:43)
	at java.base/java.lang.reflect.Method.invoke(Method.java:564)
	at org.mybatis.spring.SqlSessionTemplate$SqlSessionInterceptor.invoke(SqlSessionTemplate.java:426)
	... 119 common frames omitted
Caused by: org.apache.ibatis.type.TypeException: Error setting non null for parameter #1 with JdbcType null . Try setting a different JdbcType for this parameter or a different configuration property. Cause: java.sql.SQLException: Parameter index out of range (1 > number of parameters, which is 0).
	at org.apache.ibatis.type.BaseTypeHandler.setParameter(BaseTypeHandler.java:71)
	at com.baomidou.mybatisplus.core.MybatisDefaultParameterHandler.setParameters(MybatisDefaultParameterHandler.java:231)
	... 152 common frames omitted
Caused by: java.sql.SQLException: Parameter index out of range (1 > number of parameters, which is 0).
	at com.mysql.cj.jdbc.exceptions.SQLError.createSQLException(SQLError.java:129)
	at com.mysql.cj.jdbc.exceptions.SQLError.createSQLException(SQLError.java:97)
	at com.mysql.cj.jdbc.exceptions.SQLError.createSQLException(SQLError.java:89)
	at com.mysql.cj.jdbc.exceptions.SQLError.createSQLException(SQLError.java:63)
	at com.mysql.cj.jdbc.ClientPreparedStatement.checkBounds(ClientPreparedStatement.java:1372)
	at com.mysql.cj.jdbc.ClientPreparedStatement.getCoreParameterIndex(ClientPreparedStatement.java:1385)
	at com.mysql.cj.jdbc.ClientPreparedStatement.setLong(ClientPreparedStatement.java:1580)
	at com.zaxxer.hikari.pool.HikariProxyPreparedStatement.setLong(HikariProxyPreparedStatement.java)
	at org.apache.ibatis.type.LongTypeHandler.setNonNullParameter(LongTypeHandler.java:31)
	at org.apache.ibatis.type.LongTypeHandler.setNonNullParameter(LongTypeHandler.java:26)
	at org.apache.ibatis.type.BaseTypeHandler.setParameter(BaseTypeHandler.java:69)
	... 153 common frames omitted
2021-03-05 20:24:37 febs-shiro ERROR http-nio-8848-exec-5 cc.mrbird.febs.common.handler.GlobalExceptionHandler 系统内部异常，异常信息
org.mybatis.spring.MyBatisSystemException: nested exception is org.apache.ibatis.type.TypeException: Could not set parameters for mapping: ParameterMapping{property='userId', mode=IN, javaType=class java.lang.Long, jdbcType=null, numericScale=null, resultMapId='null', jdbcTypeName='null', expression='null'}. Cause: org.apache.ibatis.type.TypeException: Error setting non null for parameter #1 with JdbcType null . Try setting a different JdbcType for this parameter or a different configuration property. Cause: java.sql.SQLException: Parameter index out of range (1 > number of parameters, which is 0).
	at org.mybatis.spring.MyBatisExceptionTranslator.translateExceptionIfPossible(MyBatisExceptionTranslator.java:92)
	at org.mybatis.spring.SqlSessionTemplate$SqlSessionInterceptor.invoke(SqlSessionTemplate.java:440)
	at com.sun.proxy.$Proxy129.selectList(Unknown Source)
	at org.mybatis.spring.SqlSessionTemplate.selectList(SqlSessionTemplate.java:223)
	at com.baomidou.mybatisplus.core.override.MybatisMapperMethod.executeForMany(MybatisMapperMethod.java:177)
	at com.baomidou.mybatisplus.core.override.MybatisMapperMethod.execute(MybatisMapperMethod.java:78)
	at com.baomidou.mybatisplus.core.override.MybatisMapperProxy.invoke(MybatisMapperProxy.java:96)
	at com.sun.proxy.$Proxy155.getChapterRight(Unknown Source)
	at cc.mrbird.febs.exercise.service.impl.QuestionStudentStatusServiceImpl.getChapterRight(QuestionStudentStatusServiceImpl.java:73)
	at cc.mrbird.febs.exercise.service.impl.QuestionStudentStatusServiceImpl$$FastClassBySpringCGLIB$$eb962ce9.invoke(<generated>)
	at org.springframework.cglib.proxy.MethodProxy.invoke(MethodProxy.java:218)
	at org.springframework.aop.framework.CglibAopProxy$CglibMethodInvocation.invokeJoinpoint(CglibAopProxy.java:771)
	at org.springframework.aop.framework.ReflectiveMethodInvocation.proceed(ReflectiveMethodInvocation.java:163)
	at org.springframework.aop.framework.CglibAopProxy$CglibMethodInvocation.proceed(CglibAopProxy.java:749)
	at org.springframework.transaction.interceptor.TransactionAspectSupport.invokeWithinTransaction(TransactionAspectSupport.java:371)
	at org.springframework.transaction.interceptor.TransactionInterceptor.invoke(TransactionInterceptor.java:134)
	at org.springframework.aop.framework.ReflectiveMethodInvocation.proceed(ReflectiveMethodInvocation.java:186)
	at org.springframework.aop.framework.CglibAopProxy$CglibMethodInvocation.proceed(CglibAopProxy.java:749)
	at org.springframework.aop.framework.CglibAopProxy$DynamicAdvisedInterceptor.intercept(CglibAopProxy.java:691)
	at cc.mrbird.febs.exercise.service.impl.QuestionStudentStatusServiceImpl$$EnhancerBySpringCGLIB$$83697ec8.getChapterRight(<generated>)
	at cc.mrbird.febs.exercise.controller.QuestionStudentStatusController.getChapterRightNum(QuestionStudentStatusController.java:121)
	at cc.mrbird.febs.exercise.controller.QuestionStudentStatusController$$FastClassBySpringCGLIB$$938b730b.invoke(<generated>)
	at org.springframework.cglib.proxy.MethodProxy.invoke(MethodProxy.java:218)
	at org.springframework.aop.framework.CglibAopProxy$CglibMethodInvocation.invokeJoinpoint(CglibAopProxy.java:771)
	at org.springframework.aop.framework.ReflectiveMethodInvocation.proceed(ReflectiveMethodInvocation.java:163)
	at org.springframework.aop.framework.CglibAopProxy$CglibMethodInvocation.proceed(CglibAopProxy.java:749)
	at org.springframework.validation.beanvalidation.MethodValidationInterceptor.invoke(MethodValidationInterceptor.java:123)
	at org.springframework.aop.framework.ReflectiveMethodInvocation.proceed(ReflectiveMethodInvocation.java:186)
	at org.springframework.aop.framework.CglibAopProxy$CglibMethodInvocation.proceed(CglibAopProxy.java:749)
	at org.apache.shiro.spring.security.interceptor.AopAllianceAnnotationsAuthorizingMethodInterceptor$1.proceed(AopAllianceAnnotationsAuthorizingMethodInterceptor.java:82)
	at org.apache.shiro.authz.aop.AuthorizingMethodInterceptor.invoke(AuthorizingMethodInterceptor.java:39)
	at org.apache.shiro.spring.security.interceptor.AopAllianceAnnotationsAuthorizingMethodInterceptor.invoke(AopAllianceAnnotationsAuthorizingMethodInterceptor.java:115)
	at org.springframework.aop.framework.ReflectiveMethodInvocation.proceed(ReflectiveMethodInvocation.java:186)
	at org.springframework.aop.framework.CglibAopProxy$CglibMethodInvocation.proceed(CglibAopProxy.java:749)
	at org.springframework.aop.interceptor.ExposeInvocationInterceptor.invoke(ExposeInvocationInterceptor.java:97)
	at org.springframework.aop.framework.ReflectiveMethodInvocation.proceed(ReflectiveMethodInvocation.java:186)
	at org.springframework.aop.framework.CglibAopProxy$CglibMethodInvocation.proceed(CglibAopProxy.java:749)
	at org.springframework.aop.framework.CglibAopProxy$DynamicAdvisedInterceptor.intercept(CglibAopProxy.java:691)
	at cc.mrbird.febs.exercise.controller.QuestionStudentStatusController$$EnhancerBySpringCGLIB$$f92d7dfe.getChapterRightNum(<generated>)
	at java.base/jdk.internal.reflect.NativeMethodAccessorImpl.invoke0(Native Method)
	at java.base/jdk.internal.reflect.NativeMethodAccessorImpl.invoke(NativeMethodAccessorImpl.java:64)
	at java.base/jdk.internal.reflect.DelegatingMethodAccessorImpl.invoke(DelegatingMethodAccessorImpl.java:43)
	at java.base/java.lang.reflect.Method.invoke(Method.java:564)
	at org.springframework.web.method.support.InvocableHandlerMethod.doInvoke(InvocableHandlerMethod.java:197)
	at org.springframework.web.method.support.InvocableHandlerMethod.invokeForRequest(InvocableHandlerMethod.java:141)
	at org.springframework.web.servlet.mvc.method.annotation.ServletInvocableHandlerMethod.invokeAndHandle(ServletInvocableHandlerMethod.java:106)
	at org.springframework.web.servlet.mvc.method.annotation.RequestMappingHandlerAdapter.invokeHandlerMethod(RequestMappingHandlerAdapter.java:893)
	at org.springframework.web.servlet.mvc.method.annotation.RequestMappingHandlerAdapter.handleInternal(RequestMappingHandlerAdapter.java:807)
	at org.springframework.web.servlet.mvc.method.AbstractHandlerMethodAdapter.handle(AbstractHandlerMethodAdapter.java:87)
	at org.springframework.web.servlet.DispatcherServlet.doDispatch(DispatcherServlet.java:1061)
	at org.springframework.web.servlet.DispatcherServlet.doService(DispatcherServlet.java:961)
	at org.springframework.web.servlet.FrameworkServlet.processRequest(FrameworkServlet.java:1006)
	at org.springframework.web.servlet.FrameworkServlet.doGet(FrameworkServlet.java:898)
	at javax.servlet.http.HttpServlet.service(HttpServlet.java:626)
	at org.springframework.web.servlet.FrameworkServlet.service(FrameworkServlet.java:883)
	at javax.servlet.http.HttpServlet.service(HttpServlet.java:733)
	at org.apache.catalina.core.ApplicationFilterChain.internalDoFilter(ApplicationFilterChain.java:231)
	at org.apache.catalina.core.ApplicationFilterChain.doFilter(ApplicationFilterChain.java:166)
	at org.apache.tomcat.websocket.server.WsFilter.doFilter(WsFilter.java:53)
	at org.apache.catalina.core.ApplicationFilterChain.internalDoFilter(ApplicationFilterChain.java:193)
	at org.apache.catalina.core.ApplicationFilterChain.doFilter(ApplicationFilterChain.java:166)
	at org.apache.shiro.web.servlet.ProxiedFilterChain.doFilter(ProxiedFilterChain.java:61)
	at org.apache.shiro.web.servlet.AdviceFilter.executeChain(AdviceFilter.java:108)
	at org.apache.shiro.web.servlet.AdviceFilter.doFilterInternal(AdviceFilter.java:137)
	at org.apache.shiro.web.servlet.OncePerRequestFilter.doFilter(OncePerRequestFilter.java:125)
	at org.apache.shiro.web.servlet.ProxiedFilterChain.doFilter(ProxiedFilterChain.java:66)
	at org.apache.shiro.web.servlet.AdviceFilter.executeChain(AdviceFilter.java:108)
	at org.apache.shiro.web.servlet.AdviceFilter.doFilterInternal(AdviceFilter.java:137)
	at org.apache.shiro.web.servlet.OncePerRequestFilter.doFilter(OncePerRequestFilter.java:125)
	at org.apache.shiro.web.servlet.ProxiedFilterChain.doFilter(ProxiedFilterChain.java:66)
	at org.apache.shiro.web.servlet.AbstractShiroFilter.executeChain(AbstractShiroFilter.java:450)
	at org.apache.shiro.web.servlet.AbstractShiroFilter$1.call(AbstractShiroFilter.java:365)
	at org.apache.shiro.subject.support.SubjectCallable.doCall(SubjectCallable.java:90)
	at org.apache.shiro.subject.support.SubjectCallable.call(SubjectCallable.java:83)
	at org.apache.shiro.subject.support.DelegatingSubject.execute(DelegatingSubject.java:387)
	at org.apache.shiro.web.servlet.AbstractShiroFilter.doFilterInternal(AbstractShiroFilter.java:362)
	at org.apache.shiro.web.servlet.OncePerRequestFilter.doFilter(OncePerRequestFilter.java:125)
	at org.apache.catalina.core.ApplicationFilterChain.internalDoFilter(ApplicationFilterChain.java:193)
	at org.apache.catalina.core.ApplicationFilterChain.doFilter(ApplicationFilterChain.java:166)
	at org.springframework.web.servlet.resource.ResourceUrlEncodingFilter.doFilter(ResourceUrlEncodingFilter.java:67)
	at org.apache.catalina.core.ApplicationFilterChain.internalDoFilter(ApplicationFilterChain.java:193)
	at org.apache.catalina.core.ApplicationFilterChain.doFilter(ApplicationFilterChain.java:166)
	at org.springframework.boot.actuate.web.trace.servlet.HttpTraceFilter.doFilterInternal(HttpTraceFilter.java:88)
	at org.springframework.web.filter.OncePerRequestFilter.doFilter(OncePerRequestFilter.java:119)
	at org.apache.catalina.core.ApplicationFilterChain.internalDoFilter(ApplicationFilterChain.java:193)
	at org.apache.catalina.core.ApplicationFilterChain.doFilter(ApplicationFilterChain.java:166)
	at cc.mrbird.febs.common.xss.XssFilter.doFilter(XssFilter.java:54)
	at org.apache.catalina.core.ApplicationFilterChain.internalDoFilter(ApplicationFilterChain.java:193)
	at org.apache.catalina.core.ApplicationFilterChain.doFilter(ApplicationFilterChain.java:166)
	at org.springframework.web.filter.RequestContextFilter.doFilterInternal(RequestContextFilter.java:100)
	at org.springframework.web.filter.OncePerRequestFilter.doFilter(OncePerRequestFilter.java:119)
	at org.apache.catalina.core.ApplicationFilterChain.internalDoFilter(ApplicationFilterChain.java:193)
	at org.apache.catalina.core.ApplicationFilterChain.doFilter(ApplicationFilterChain.java:166)
	at org.springframework.web.filter.FormContentFilter.doFilterInternal(FormContentFilter.java:93)
	at org.springframework.web.filter.OncePerRequestFilter.doFilter(OncePerRequestFilter.java:119)
	at org.apache.catalina.core.ApplicationFilterChain.internalDoFilter(ApplicationFilterChain.java:193)
	at org.apache.catalina.core.ApplicationFilterChain.doFilter(ApplicationFilterChain.java:166)
	at org.springframework.boot.actuate.metrics.web.servlet.WebMvcMetricsFilter.doFilterInternal(WebMvcMetricsFilter.java:93)
	at org.springframework.web.filter.OncePerRequestFilter.doFilter(OncePerRequestFilter.java:119)
	at org.apache.catalina.core.ApplicationFilterChain.internalDoFilter(ApplicationFilterChain.java:193)
	at org.apache.catalina.core.ApplicationFilterChain.doFilter(ApplicationFilterChain.java:166)
	at org.springframework.web.filter.CharacterEncodingFilter.doFilterInternal(CharacterEncodingFilter.java:201)
	at org.springframework.web.filter.OncePerRequestFilter.doFilter(OncePerRequestFilter.java:119)
	at org.apache.catalina.core.ApplicationFilterChain.internalDoFilter(ApplicationFilterChain.java:193)
	at org.apache.catalina.core.ApplicationFilterChain.doFilter(ApplicationFilterChain.java:166)
	at org.apache.catalina.core.StandardWrapperValve.invoke(StandardWrapperValve.java:202)
	at org.apache.catalina.core.StandardContextValve.invoke(StandardContextValve.java:97)
	at org.apache.catalina.authenticator.AuthenticatorBase.invoke(AuthenticatorBase.java:542)
	at org.apache.catalina.core.StandardHostValve.invoke(StandardHostValve.java:143)
	at org.apache.catalina.valves.ErrorReportValve.invoke(ErrorReportValve.java:92)
	at org.apache.catalina.core.StandardEngineValve.invoke(StandardEngineValve.java:78)
	at org.apache.catalina.connector.CoyoteAdapter.service(CoyoteAdapter.java:343)
	at org.apache.coyote.http11.Http11Processor.service(Http11Processor.java:374)
	at org.apache.coyote.AbstractProcessorLight.process(AbstractProcessorLight.java:65)
	at org.apache.coyote.AbstractProtocol$ConnectionHandler.process(AbstractProtocol.java:868)
	at org.apache.tomcat.util.net.NioEndpoint$SocketProcessor.doRun(NioEndpoint.java:1590)
	at org.apache.tomcat.util.net.SocketProcessorBase.run(SocketProcessorBase.java:49)
	at java.base/java.util.concurrent.ThreadPoolExecutor.runWorker(ThreadPoolExecutor.java:1130)
	at java.base/java.util.concurrent.ThreadPoolExecutor$Worker.run(ThreadPoolExecutor.java:630)
	at org.apache.tomcat.util.threads.TaskThread$WrappingRunnable.run(TaskThread.java:61)
	at java.base/java.lang.Thread.run(Thread.java:832)
Caused by: org.apache.ibatis.type.TypeException: Could not set parameters for mapping: ParameterMapping{property='userId', mode=IN, javaType=class java.lang.Long, jdbcType=null, numericScale=null, resultMapId='null', jdbcTypeName='null', expression='null'}. Cause: org.apache.ibatis.type.TypeException: Error setting non null for parameter #1 with JdbcType null . Try setting a different JdbcType for this parameter or a different configuration property. Cause: java.sql.SQLException: Parameter index out of range (1 > number of parameters, which is 0).
	at com.baomidou.mybatisplus.core.MybatisDefaultParameterHandler.setParameters(MybatisDefaultParameterHandler.java:233)
	at org.apache.ibatis.executor.statement.PreparedStatementHandler.parameterize(PreparedStatementHandler.java:94)
	at org.apache.ibatis.executor.statement.RoutingStatementHandler.parameterize(RoutingStatementHandler.java:64)
	at jdk.internal.reflect.GeneratedMethodAccessor148.invoke(Unknown Source)
	at java.base/jdk.internal.reflect.DelegatingMethodAccessorImpl.invoke(DelegatingMethodAccessorImpl.java:43)
	at java.base/java.lang.reflect.Method.invoke(Method.java:564)
	at org.apache.ibatis.plugin.Plugin.invoke(Plugin.java:63)
	at com.sun.proxy.$Proxy166.parameterize(Unknown Source)
	at jdk.internal.reflect.GeneratedMethodAccessor148.invoke(Unknown Source)
	at java.base/jdk.internal.reflect.DelegatingMethodAccessorImpl.invoke(DelegatingMethodAccessorImpl.java:43)
	at java.base/java.lang.reflect.Method.invoke(Method.java:564)
	at org.apache.ibatis.plugin.Plugin.invoke(Plugin.java:63)
	at com.sun.proxy.$Proxy166.parameterize(Unknown Source)
	at com.baomidou.mybatisplus.core.executor.MybatisSimpleExecutor.prepareStatement(MybatisSimpleExecutor.java:97)
	at com.baomidou.mybatisplus.core.executor.MybatisSimpleExecutor.doQuery(MybatisSimpleExecutor.java:66)
	at org.apache.ibatis.executor.BaseExecutor.queryFromDatabase(BaseExecutor.java:324)
	at org.apache.ibatis.executor.BaseExecutor.query(BaseExecutor.java:156)
	at com.baomidou.mybatisplus.core.executor.MybatisCachingExecutor.query(MybatisCachingExecutor.java:163)
	at com.baomidou.mybatisplus.core.executor.MybatisCachingExecutor.query(MybatisCachingExecutor.java:90)
	at java.base/jdk.internal.reflect.NativeMethodAccessorImpl.invoke0(Native Method)
	at java.base/jdk.internal.reflect.NativeMethodAccessorImpl.invoke(NativeMethodAccessorImpl.java:64)
	at java.base/jdk.internal.reflect.DelegatingMethodAccessorImpl.invoke(DelegatingMethodAccessorImpl.java:43)
	at java.base/java.lang.reflect.Method.invoke(Method.java:564)
	at org.apache.ibatis.plugin.Invocation.proceed(Invocation.java:49)
	at cc.mrbird.febs.common.interceptor.DesensitizationInterceptor.intercept(DesensitizationInterceptor.java:34)
	at org.apache.ibatis.plugin.Plugin.invoke(Plugin.java:61)
	at com.sun.proxy.$Proxy165.query(Unknown Source)
	at org.apache.ibatis.session.defaults.DefaultSqlSession.selectList(DefaultSqlSession.java:147)
	at org.apache.ibatis.session.defaults.DefaultSqlSession.selectList(DefaultSqlSession.java:140)
	at java.base/jdk.internal.reflect.NativeMethodAccessorImpl.invoke0(Native Method)
	at java.base/jdk.internal.reflect.NativeMethodAccessorImpl.invoke(NativeMethodAccessorImpl.java:64)
	at java.base/jdk.internal.reflect.DelegatingMethodAccessorImpl.invoke(DelegatingMethodAccessorImpl.java:43)
	at java.base/java.lang.reflect.Method.invoke(Method.java:564)
	at org.mybatis.spring.SqlSessionTemplate$SqlSessionInterceptor.invoke(SqlSessionTemplate.java:426)
	... 119 common frames omitted
Caused by: org.apache.ibatis.type.TypeException: Error setting non null for parameter #1 with JdbcType null . Try setting a different JdbcType for this parameter or a different configuration property. Cause: java.sql.SQLException: Parameter index out of range (1 > number of parameters, which is 0).
	at org.apache.ibatis.type.BaseTypeHandler.setParameter(BaseTypeHandler.java:71)
	at com.baomidou.mybatisplus.core.MybatisDefaultParameterHandler.setParameters(MybatisDefaultParameterHandler.java:231)
	... 152 common frames omitted
Caused by: java.sql.SQLException: Parameter index out of range (1 > number of parameters, which is 0).
	at com.mysql.cj.jdbc.exceptions.SQLError.createSQLException(SQLError.java:129)
	at com.mysql.cj.jdbc.exceptions.SQLError.createSQLException(SQLError.java:97)
	at com.mysql.cj.jdbc.exceptions.SQLError.createSQLException(SQLError.java:89)
	at com.mysql.cj.jdbc.exceptions.SQLError.createSQLException(SQLError.java:63)
	at com.mysql.cj.jdbc.ClientPreparedStatement.checkBounds(ClientPreparedStatement.java:1372)
	at com.mysql.cj.jdbc.ClientPreparedStatement.getCoreParameterIndex(ClientPreparedStatement.java:1385)
	at com.mysql.cj.jdbc.ClientPreparedStatement.setLong(ClientPreparedStatement.java:1580)
	at com.zaxxer.hikari.pool.HikariProxyPreparedStatement.setLong(HikariProxyPreparedStatement.java)
	at org.apache.ibatis.type.LongTypeHandler.setNonNullParameter(LongTypeHandler.java:31)
	at org.apache.ibatis.type.LongTypeHandler.setNonNullParameter(LongTypeHandler.java:26)
	at org.apache.ibatis.type.BaseTypeHandler.setParameter(BaseTypeHandler.java:69)
	... 153 common frames omitted
2021-03-05 21:26:02 febs-shiro ERROR QuartzScheduler_FEBS_Scheduler-DESKTOP-JISOPA31614860854613_MisfireHandler org.springframework.scheduling.quartz.LocalDataSourceJobStore MisfireHandler: Error handling misfires: Couldn't retrieve trigger: No record found for selection of Trigger with key: 'DEFAULT.TASK_1' and statement: SELECT * FROM QRTZ_CRON_TRIGGERS WHERE SCHED_NAME = 'FEBS_Scheduler' AND TRIGGER_NAME = ? AND TRIGGER_GROUP = ?
org.quartz.JobPersistenceException: Couldn't retrieve trigger: No record found for selection of Trigger with key: 'DEFAULT.TASK_1' and statement: SELECT * FROM QRTZ_CRON_TRIGGERS WHERE SCHED_NAME = 'FEBS_Scheduler' AND TRIGGER_NAME = ? AND TRIGGER_GROUP = ?
	at org.quartz.impl.jdbcjobstore.JobStoreSupport.retrieveTrigger(JobStoreSupport.java:1538)
	at org.quartz.impl.jdbcjobstore.JobStoreSupport.recoverMisfiredJobs(JobStoreSupport.java:984)
	at org.quartz.impl.jdbcjobstore.JobStoreSupport.doRecoverMisfires(JobStoreSupport.java:3264)
	at org.quartz.impl.jdbcjobstore.JobStoreSupport$MisfireHandler.manage(JobStoreSupport.java:4012)
	at org.quartz.impl.jdbcjobstore.JobStoreSupport$MisfireHandler.run(JobStoreSupport.java:4033)
Caused by: java.lang.IllegalStateException: No record found for selection of Trigger with key: 'DEFAULT.TASK_1' and statement: SELECT * FROM QRTZ_CRON_TRIGGERS WHERE SCHED_NAME = 'FEBS_Scheduler' AND TRIGGER_NAME = ? AND TRIGGER_GROUP = ?
	at org.quartz.impl.jdbcjobstore.CronTriggerPersistenceDelegate.loadExtendedTriggerProperties(CronTriggerPersistenceDelegate.java:107)
	at org.quartz.impl.jdbcjobstore.StdJDBCDelegate.selectTrigger(StdJDBCDelegate.java:1819)
	at org.quartz.impl.jdbcjobstore.JobStoreSupport.retrieveTrigger(JobStoreSupport.java:1536)
	... 4 common frames omitted
