2021-03-02 23:10:02 febs-shiro ERROR main org.springframework.boot.diagnostics.LoggingFailureAnalysisReporter 

***************************
APPLICATION FAILED TO START
***************************

Description:

Web server failed to start. Port 8080 was already in use.

Action:

Identify and stop the process that's listening on port 8080 or configure this application to listen on another port.

2021-03-02 23:11:29 febs-shiro ERROR http-nio-8182-exec-3 cc.mrbird.febs.common.utils.AddressUtil 获取IP地址失败，Cannot invoke "java.io.InputStream.read(byte[])" because "input" is null
2021-03-02 23:11:42 febs-shiro ERROR http-nio-8182-exec-9 cc.mrbird.febs.common.handler.GlobalExceptionHandler UnauthorizedException, Subject does not have permission [exercise:view]
2021-03-02 23:11:44 febs-shiro ERROR http-nio-8182-exec-8 cc.mrbird.febs.common.handler.GlobalExceptionHandler UnauthorizedException, Subject does not have permission [exercise:view]
2021-03-02 23:11:45 febs-shiro ERROR http-nio-8182-exec-6 cc.mrbird.febs.common.handler.GlobalExceptionHandler UnauthorizedException, Subject does not have permission [exercise:view]
2021-03-02 23:11:45 febs-shiro ERROR http-nio-8182-exec-1 cc.mrbird.febs.common.handler.GlobalExceptionHandler UnauthorizedException, Subject does not have permission [exercise:view]
2021-03-02 23:11:46 febs-shiro ERROR http-nio-8182-exec-5 cc.mrbird.febs.common.handler.GlobalExceptionHandler UnauthorizedException, Subject does not have permission [exercise:view]
2021-03-02 23:11:46 febs-shiro ERROR http-nio-8182-exec-4 cc.mrbird.febs.common.handler.GlobalExceptionHandler UnauthorizedException, Subject does not have permission [exercise:view]
2021-03-02 23:11:47 febs-shiro ERROR http-nio-8182-exec-7 cc.mrbird.febs.common.handler.GlobalExceptionHandler UnauthorizedException, Subject does not have permission [exercise:view]
2021-03-02 23:11:47 febs-shiro ERROR http-nio-8182-exec-3 cc.mrbird.febs.common.handler.GlobalExceptionHandler UnauthorizedException, Subject does not have permission [exercise:view]
2021-03-02 23:11:47 febs-shiro ERROR http-nio-8182-exec-9 cc.mrbird.febs.common.handler.GlobalExceptionHandler UnauthorizedException, Subject does not have permission [exercise:view]
2021-03-02 23:11:48 febs-shiro ERROR http-nio-8182-exec-2 cc.mrbird.febs.common.handler.GlobalExceptionHandler UnauthorizedException, Subject does not have permission [exercise:view]
2021-03-02 23:11:48 febs-shiro ERROR http-nio-8182-exec-10 cc.mrbird.febs.common.handler.GlobalExceptionHandler UnauthorizedException, Subject does not have permission [exercise:view]
2021-03-02 23:11:49 febs-shiro ERROR http-nio-8182-exec-8 cc.mrbird.febs.common.handler.GlobalExceptionHandler UnauthorizedException, Subject does not have permission [exercise:view]
2021-03-02 23:11:49 febs-shiro ERROR http-nio-8182-exec-6 cc.mrbird.febs.common.handler.GlobalExceptionHandler UnauthorizedException, Subject does not have permission [exercise:view]
2021-03-02 23:11:49 febs-shiro ERROR http-nio-8182-exec-1 cc.mrbird.febs.common.handler.GlobalExceptionHandler UnauthorizedException, Subject does not have permission [exercise:view]
2021-03-02 23:11:50 febs-shiro ERROR http-nio-8182-exec-5 cc.mrbird.febs.common.handler.GlobalExceptionHandler UnauthorizedException, Subject does not have permission [exercise:view]
2021-03-02 23:11:50 febs-shiro ERROR http-nio-8182-exec-4 cc.mrbird.febs.common.handler.GlobalExceptionHandler UnauthorizedException, Subject does not have permission [exercise:view]
2021-03-02 23:11:52 febs-shiro ERROR http-nio-8182-exec-7 cc.mrbird.febs.common.handler.GlobalExceptionHandler UnauthorizedException, Subject does not have permission [exercise:view]
2021-03-02 23:11:53 febs-shiro ERROR http-nio-8182-exec-3 cc.mrbird.febs.common.handler.GlobalExceptionHandler UnauthorizedException, Subject does not have permission [exercise:view]
2021-03-02 23:11:54 febs-shiro ERROR http-nio-8182-exec-9 cc.mrbird.febs.common.handler.GlobalExceptionHandler UnauthorizedException, Subject does not have permission [exercise:view]
2021-03-02 23:11:54 febs-shiro ERROR http-nio-8182-exec-2 cc.mrbird.febs.common.handler.GlobalExceptionHandler UnauthorizedException, Subject does not have permission [exercise:view]
2021-03-02 23:11:54 febs-shiro ERROR http-nio-8182-exec-10 cc.mrbird.febs.common.handler.GlobalExceptionHandler UnauthorizedException, Subject does not have permission [exercise:view]
2021-03-02 23:11:54 febs-shiro ERROR http-nio-8182-exec-8 cc.mrbird.febs.common.handler.GlobalExceptionHandler UnauthorizedException, Subject does not have permission [exercise:view]
2021-03-02 23:11:54 febs-shiro ERROR http-nio-8182-exec-6 cc.mrbird.febs.common.handler.GlobalExceptionHandler UnauthorizedException, Subject does not have permission [exercise:view]
2021-03-02 23:11:59 febs-shiro ERROR http-nio-8182-exec-1 cc.mrbird.febs.common.handler.GlobalExceptionHandler UnauthorizedException, Subject does not have permission [question:list]
2021-03-02 23:12:00 febs-shiro ERROR http-nio-8182-exec-5 cc.mrbird.febs.common.handler.GlobalExceptionHandler UnauthorizedException, Subject does not have permission [question:list]
2021-03-02 23:12:00 febs-shiro ERROR http-nio-8182-exec-4 cc.mrbird.febs.common.handler.GlobalExceptionHandler UnauthorizedException, Subject does not have permission [question:list]
2021-03-02 23:12:25 febs-shiro ERROR febs-async-thread-3 cc.mrbird.febs.common.utils.AddressUtil 获取IP地址失败，Cannot invoke "java.io.InputStream.read(byte[])" because "input" is null
2021-03-02 23:12:28 febs-shiro ERROR febs-async-thread-4 cc.mrbird.febs.common.utils.AddressUtil 获取IP地址失败，Cannot invoke "java.io.InputStream.read(byte[])" because "input" is null
2021-03-02 23:12:32 febs-shiro ERROR febs-async-thread-5 cc.mrbird.febs.common.utils.AddressUtil 获取IP地址失败，Cannot invoke "java.io.InputStream.read(byte[])" because "input" is null
2021-03-02 23:12:35 febs-shiro ERROR febs-async-thread-1 cc.mrbird.febs.common.utils.AddressUtil 获取IP地址失败，Cannot invoke "java.io.InputStream.read(byte[])" because "input" is null
2021-03-02 23:12:38 febs-shiro ERROR febs-async-thread-2 cc.mrbird.febs.common.utils.AddressUtil 获取IP地址失败，Cannot invoke "java.io.InputStream.read(byte[])" because "input" is null
2021-03-02 23:13:19 febs-shiro ERROR febs-async-thread-4 cc.mrbird.febs.common.utils.AddressUtil 获取IP地址失败，Cannot invoke "java.io.InputStream.read(byte[])" because "input" is null
2021-03-02 23:15:12 febs-shiro ERROR febs-async-thread-5 cc.mrbird.febs.common.utils.AddressUtil 获取IP地址失败，Cannot invoke "java.io.InputStream.read(byte[])" because "input" is null
2021-03-02 23:15:27 febs-shiro ERROR febs-async-thread-1 cc.mrbird.febs.common.utils.AddressUtil 获取IP地址失败，Cannot invoke "java.io.InputStream.read(byte[])" because "input" is null
2021-03-02 23:15:39 febs-shiro ERROR febs-async-thread-2 cc.mrbird.febs.common.utils.AddressUtil 获取IP地址失败，Cannot invoke "java.io.InputStream.read(byte[])" because "input" is null
2021-03-02 23:19:06 febs-shiro ERROR febs-async-thread-3 cc.mrbird.febs.common.utils.AddressUtil 获取IP地址失败，Cannot invoke "java.io.InputStream.read(byte[])" because "input" is null
2021-03-02 23:24:04 febs-shiro ERROR febs-async-thread-4 cc.mrbird.febs.common.utils.AddressUtil 获取IP地址失败，Cannot invoke "java.io.InputStream.read(byte[])" because "input" is null
2021-03-02 23:24:07 febs-shiro ERROR febs-async-thread-5 cc.mrbird.febs.common.utils.AddressUtil 获取IP地址失败，Cannot invoke "java.io.InputStream.read(byte[])" because "input" is null
2021-03-02 23:24:11 febs-shiro ERROR febs-async-thread-1 cc.mrbird.febs.common.utils.AddressUtil 获取IP地址失败，Cannot invoke "java.io.InputStream.read(byte[])" because "input" is null
2021-03-02 23:24:12 febs-shiro ERROR febs-async-thread-2 cc.mrbird.febs.common.utils.AddressUtil 获取IP地址失败，Cannot invoke "java.io.InputStream.read(byte[])" because "input" is null
2021-03-02 23:24:15 febs-shiro ERROR febs-async-thread-3 cc.mrbird.febs.common.utils.AddressUtil 获取IP地址失败，Cannot invoke "java.io.InputStream.read(byte[])" because "input" is null
2021-03-02 23:24:31 febs-shiro ERROR febs-async-thread-4 cc.mrbird.febs.common.utils.AddressUtil 获取IP地址失败，Cannot invoke "java.io.InputStream.read(byte[])" because "input" is null
2021-03-02 23:24:32 febs-shiro ERROR febs-async-thread-5 cc.mrbird.febs.common.utils.AddressUtil 获取IP地址失败，Cannot invoke "java.io.InputStream.read(byte[])" because "input" is null
2021-03-02 23:27:21 febs-shiro ERROR febs-async-thread-1 cc.mrbird.febs.common.utils.AddressUtil 获取IP地址失败，Cannot invoke "java.io.InputStream.read(byte[])" because "input" is null
2021-03-02 23:27:49 febs-shiro ERROR febs-async-thread-3 cc.mrbird.febs.common.utils.AddressUtil 获取IP地址失败，Cannot invoke "java.io.InputStream.read(byte[])" because "input" is null
2021-03-02 23:28:44 febs-shiro ERROR febs-async-thread-4 cc.mrbird.febs.common.utils.AddressUtil 获取IP地址失败，Cannot invoke "java.io.InputStream.read(byte[])" because "input" is null
2021-03-02 23:29:00 febs-shiro ERROR febs-async-thread-5 cc.mrbird.febs.common.utils.AddressUtil 获取IP地址失败，Cannot invoke "java.io.InputStream.read(byte[])" because "input" is null
2021-03-02 23:29:23 febs-shiro ERROR febs-async-thread-2 cc.mrbird.febs.common.utils.AddressUtil 获取IP地址失败，Cannot invoke "java.io.InputStream.read(byte[])" because "input" is null
2021-03-02 23:29:27 febs-shiro ERROR febs-async-thread-3 cc.mrbird.febs.common.utils.AddressUtil 获取IP地址失败，Cannot invoke "java.io.InputStream.read(byte[])" because "input" is null
2021-03-02 23:29:33 febs-shiro ERROR febs-async-thread-4 cc.mrbird.febs.common.utils.AddressUtil 获取IP地址失败，Cannot invoke "java.io.InputStream.read(byte[])" because "input" is null
2021-03-02 23:30:44 febs-shiro ERROR febs-async-thread-5 cc.mrbird.febs.common.utils.AddressUtil 获取IP地址失败，Cannot invoke "java.io.InputStream.read(byte[])" because "input" is null
2021-03-02 23:31:48 febs-shiro ERROR http-nio-8182-exec-9 cc.mrbird.febs.common.utils.AddressUtil 获取IP地址失败，Cannot invoke "java.io.InputStream.read(byte[])" because "input" is null
2021-03-02 23:31:51 febs-shiro ERROR febs-async-thread-2 cc.mrbird.febs.common.utils.AddressUtil 获取IP地址失败，Cannot invoke "java.io.InputStream.read(byte[])" because "input" is null
2021-03-02 23:32:52 febs-shiro ERROR febs-async-thread-3 cc.mrbird.febs.common.utils.AddressUtil 获取IP地址失败，Cannot invoke "java.io.InputStream.read(byte[])" because "input" is null
2021-03-02 23:32:57 febs-shiro ERROR febs-async-thread-4 cc.mrbird.febs.common.utils.AddressUtil 获取IP地址失败，Cannot invoke "java.io.InputStream.read(byte[])" because "input" is null
2021-03-02 23:33:02 febs-shiro ERROR febs-async-thread-5 cc.mrbird.febs.common.utils.AddressUtil 获取IP地址失败，Cannot invoke "java.io.InputStream.read(byte[])" because "input" is null
2021-03-02 23:33:20 febs-shiro ERROR febs-async-thread-2 cc.mrbird.febs.common.utils.AddressUtil 获取IP地址失败，Cannot invoke "java.io.InputStream.read(byte[])" because "input" is null
2021-03-02 23:33:33 febs-shiro ERROR febs-async-thread-3 cc.mrbird.febs.common.utils.AddressUtil 获取IP地址失败，Cannot invoke "java.io.InputStream.read(byte[])" because "input" is null
2021-03-02 23:33:36 febs-shiro ERROR febs-async-thread-4 cc.mrbird.febs.common.utils.AddressUtil 获取IP地址失败，Cannot invoke "java.io.InputStream.read(byte[])" because "input" is null
2021-03-02 23:34:41 febs-shiro ERROR febs-async-thread-5 cc.mrbird.febs.common.utils.AddressUtil 获取IP地址失败，Cannot invoke "java.io.InputStream.read(byte[])" because "input" is null
2021-03-02 23:34:47 febs-shiro ERROR febs-async-thread-1 cc.mrbird.febs.common.utils.AddressUtil 获取IP地址失败，Cannot invoke "java.io.InputStream.read(byte[])" because "input" is null
2021-03-02 23:42:06 febs-shiro ERROR febs-async-thread-2 cc.mrbird.febs.common.utils.AddressUtil 获取IP地址失败，Cannot invoke "java.io.InputStream.read(byte[])" because "input" is null
2021-03-02 23:42:11 febs-shiro ERROR febs-async-thread-3 cc.mrbird.febs.common.utils.AddressUtil 获取IP地址失败，Cannot invoke "java.io.InputStream.read(byte[])" because "input" is null
2021-03-02 23:42:17 febs-shiro ERROR febs-async-thread-4 cc.mrbird.febs.common.utils.AddressUtil 获取IP地址失败，Cannot invoke "java.io.InputStream.read(byte[])" because "input" is null
2021-03-02 23:42:43 febs-shiro ERROR febs-async-thread-5 cc.mrbird.febs.common.utils.AddressUtil 获取IP地址失败，Cannot invoke "java.io.InputStream.read(byte[])" because "input" is null
2021-03-02 23:42:47 febs-shiro ERROR febs-async-thread-1 cc.mrbird.febs.common.utils.AddressUtil 获取IP地址失败，Cannot invoke "java.io.InputStream.read(byte[])" because "input" is null
2021-03-02 23:42:49 febs-shiro ERROR febs-async-thread-2 cc.mrbird.febs.common.utils.AddressUtil 获取IP地址失败，Cannot invoke "java.io.InputStream.read(byte[])" because "input" is null
2021-03-02 23:42:49 febs-shiro ERROR febs-async-thread-3 cc.mrbird.febs.common.utils.AddressUtil 获取IP地址失败，Cannot invoke "java.io.InputStream.read(byte[])" because "input" is null
2021-03-02 23:43:18 febs-shiro ERROR febs-async-thread-4 cc.mrbird.febs.common.utils.AddressUtil 获取IP地址失败，Cannot invoke "java.io.InputStream.read(byte[])" because "input" is null
2021-03-02 23:43:22 febs-shiro ERROR febs-async-thread-5 cc.mrbird.febs.common.utils.AddressUtil 获取IP地址失败，Cannot invoke "java.io.InputStream.read(byte[])" because "input" is null
2021-03-02 23:44:04 febs-shiro ERROR febs-async-thread-1 cc.mrbird.febs.common.utils.AddressUtil 获取IP地址失败，Cannot invoke "java.io.InputStream.read(byte[])" because "input" is null
2021-03-02 23:44:11 febs-shiro ERROR febs-async-thread-2 cc.mrbird.febs.common.utils.AddressUtil 获取IP地址失败，Cannot invoke "java.io.InputStream.read(byte[])" because "input" is null
2021-03-02 23:44:26 febs-shiro ERROR febs-async-thread-3 cc.mrbird.febs.common.utils.AddressUtil 获取IP地址失败，Cannot invoke "java.io.InputStream.read(byte[])" because "input" is null
2021-03-02 23:44:27 febs-shiro ERROR http-nio-8182-exec-6 cc.mrbird.febs.common.aspect.ControllerEndpointAspect 
### Error updating database.  Cause: java.sql.SQLException: Field 'QUESTION_ID' doesn't have a default value
### The error may exist in cc/mrbird/febs/exercise/mapper/QuestionStudentStatusMapper.java (best guess)
### The error may involve cc.mrbird.febs.exercise.mapper.QuestionStudentStatusMapper.insert-Inline
### The error occurred while setting parameters
### SQL: INSERT INTO t_question_student_status (STATUS, CREATE_TIME) VALUES (?, ?)
### Cause: java.sql.SQLException: Field 'QUESTION_ID' doesn't have a default value
; Field 'QUESTION_ID' doesn't have a default value; nested exception is java.sql.SQLException: Field 'QUESTION_ID' doesn't have a default value
org.springframework.dao.DataIntegrityViolationException: 
### Error updating database.  Cause: java.sql.SQLException: Field 'QUESTION_ID' doesn't have a default value
### The error may exist in cc/mrbird/febs/exercise/mapper/QuestionStudentStatusMapper.java (best guess)
### The error may involve cc.mrbird.febs.exercise.mapper.QuestionStudentStatusMapper.insert-Inline
### The error occurred while setting parameters
### SQL: INSERT INTO t_question_student_status (STATUS, CREATE_TIME) VALUES (?, ?)
### Cause: java.sql.SQLException: Field 'QUESTION_ID' doesn't have a default value
; Field 'QUESTION_ID' doesn't have a default value; nested exception is java.sql.SQLException: Field 'QUESTION_ID' doesn't have a default value
	at org.springframework.jdbc.support.SQLErrorCodeSQLExceptionTranslator.doTranslate(SQLErrorCodeSQLExceptionTranslator.java:251)
	at org.springframework.jdbc.support.AbstractFallbackSQLExceptionTranslator.translate(AbstractFallbackSQLExceptionTranslator.java:70)
	at org.mybatis.spring.MyBatisExceptionTranslator.translateExceptionIfPossible(MyBatisExceptionTranslator.java:88)
	at org.mybatis.spring.SqlSessionTemplate$SqlSessionInterceptor.invoke(SqlSessionTemplate.java:440)
	at com.sun.proxy.$Proxy125.insert(Unknown Source)
	at org.mybatis.spring.SqlSessionTemplate.insert(SqlSessionTemplate.java:271)
	at com.baomidou.mybatisplus.core.override.MybatisMapperMethod.execute(MybatisMapperMethod.java:60)
	at com.baomidou.mybatisplus.core.override.MybatisMapperProxy.invoke(MybatisMapperProxy.java:96)
	at com.sun.proxy.$Proxy152.insert(Unknown Source)
	at com.baomidou.mybatisplus.extension.service.IService.save(IService.java:59)
	at cc.mrbird.febs.exercise.service.impl.QuestionStudentStatusServiceImpl.createQuestionStudentStatus(QuestionStudentStatusServiceImpl.java:50)
	at cc.mrbird.febs.exercise.service.impl.QuestionStudentStatusServiceImpl$$FastClassBySpringCGLIB$$eb962ce9.invoke(<generated>)
	at org.springframework.cglib.proxy.MethodProxy.invoke(MethodProxy.java:218)
	at org.springframework.aop.framework.CglibAopProxy$CglibMethodInvocation.invokeJoinpoint(CglibAopProxy.java:771)
	at org.springframework.aop.framework.ReflectiveMethodInvocation.proceed(ReflectiveMethodInvocation.java:163)
	at org.springframework.aop.framework.CglibAopProxy$CglibMethodInvocation.proceed(CglibAopProxy.java:749)
	at org.springframework.transaction.interceptor.TransactionAspectSupport.invokeWithinTransaction(TransactionAspectSupport.java:371)
	at org.springframework.transaction.interceptor.TransactionInterceptor.invoke(TransactionInterceptor.java:134)
	at org.springframework.aop.framework.ReflectiveMethodInvocation.proceed(ReflectiveMethodInvocation.java:186)
	at org.springframework.aop.framework.CglibAopProxy$CglibMethodInvocation.proceed(CglibAopProxy.java:749)
	at org.springframework.aop.framework.CglibAopProxy$DynamicAdvisedInterceptor.intercept(CglibAopProxy.java:691)
	at cc.mrbird.febs.exercise.service.impl.QuestionStudentStatusServiceImpl$$EnhancerBySpringCGLIB$$4d3d65cf.createQuestionStudentStatus(<generated>)
	at cc.mrbird.febs.exercise.controller.QuestionStudentStatusController.addQuestionStudentStatus(QuestionStudentStatusController.java:70)
	at cc.mrbird.febs.exercise.controller.QuestionStudentStatusController$$FastClassBySpringCGLIB$$938b730b.invoke(<generated>)
	at org.springframework.cglib.proxy.MethodProxy.invoke(MethodProxy.java:218)
	at org.springframework.aop.framework.CglibAopProxy$CglibMethodInvocation.invokeJoinpoint(CglibAopProxy.java:771)
	at org.springframework.aop.framework.ReflectiveMethodInvocation.proceed(ReflectiveMethodInvocation.java:163)
	at org.springframework.aop.framework.CglibAopProxy$CglibMethodInvocation.proceed(CglibAopProxy.java:749)
	at org.springframework.validation.beanvalidation.MethodValidationInterceptor.invoke(MethodValidationInterceptor.java:123)
	at org.springframework.aop.framework.ReflectiveMethodInvocation.proceed(ReflectiveMethodInvocation.java:186)
	at org.springframework.aop.framework.CglibAopProxy$CglibMethodInvocation.proceed(CglibAopProxy.java:749)
	at org.springframework.aop.aspectj.MethodInvocationProceedingJoinPoint.proceed(MethodInvocationProceedingJoinPoint.java:89)
	at cc.mrbird.febs.common.aspect.ControllerEndpointAspect.around(ControllerEndpointAspect.java:46)
	at jdk.internal.reflect.GeneratedMethodAccessor260.invoke(Unknown Source)
	at java.base/jdk.internal.reflect.DelegatingMethodAccessorImpl.invoke(DelegatingMethodAccessorImpl.java:43)
	at java.base/java.lang.reflect.Method.invoke(Method.java:564)
	at org.springframework.aop.aspectj.AbstractAspectJAdvice.invokeAdviceMethodWithGivenArgs(AbstractAspectJAdvice.java:644)
	at org.springframework.aop.aspectj.AbstractAspectJAdvice.invokeAdviceMethod(AbstractAspectJAdvice.java:633)
	at org.springframework.aop.aspectj.AspectJAroundAdvice.invoke(AspectJAroundAdvice.java:72)
	at org.springframework.aop.framework.ReflectiveMethodInvocation.proceed(ReflectiveMethodInvocation.java:175)
	at org.springframework.aop.framework.CglibAopProxy$CglibMethodInvocation.proceed(CglibAopProxy.java:749)
	at org.apache.shiro.spring.security.interceptor.AopAllianceAnnotationsAuthorizingMethodInterceptor$1.proceed(AopAllianceAnnotationsAuthorizingMethodInterceptor.java:82)
	at org.apache.shiro.authz.aop.AuthorizingMethodInterceptor.invoke(AuthorizingMethodInterceptor.java:39)
	at org.apache.shiro.spring.security.interceptor.AopAllianceAnnotationsAuthorizingMethodInterceptor.invoke(AopAllianceAnnotationsAuthorizingMethodInterceptor.java:115)
	at org.springframework.aop.framework.ReflectiveMethodInvocation.proceed(ReflectiveMethodInvocation.java:186)
	at org.springframework.aop.framework.CglibAopProxy$CglibMethodInvocation.proceed(CglibAopProxy.java:749)
	at org.springframework.aop.interceptor.ExposeInvocationInterceptor.invoke(ExposeInvocationInterceptor.java:97)
	at org.springframework.aop.framework.ReflectiveMethodInvocation.proceed(ReflectiveMethodInvocation.java:186)
	at org.springframework.aop.framework.CglibAopProxy$CglibMethodInvocation.proceed(CglibAopProxy.java:749)
	at org.springframework.aop.framework.CglibAopProxy$DynamicAdvisedInterceptor.intercept(CglibAopProxy.java:691)
	at cc.mrbird.febs.exercise.controller.QuestionStudentStatusController$$EnhancerBySpringCGLIB$$8e86184d.addQuestionStudentStatus(<generated>)
	at java.base/jdk.internal.reflect.NativeMethodAccessorImpl.invoke0(Native Method)
	at java.base/jdk.internal.reflect.NativeMethodAccessorImpl.invoke(NativeMethodAccessorImpl.java:64)
	at java.base/jdk.internal.reflect.DelegatingMethodAccessorImpl.invoke(DelegatingMethodAccessorImpl.java:43)
	at java.base/java.lang.reflect.Method.invoke(Method.java:564)
	at org.springframework.web.method.support.InvocableHandlerMethod.doInvoke(InvocableHandlerMethod.java:197)
	at org.springframework.web.method.support.InvocableHandlerMethod.invokeForRequest(InvocableHandlerMethod.java:141)
	at org.springframework.web.servlet.mvc.method.annotation.ServletInvocableHandlerMethod.invokeAndHandle(ServletInvocableHandlerMethod.java:106)
	at org.springframework.web.servlet.mvc.method.annotation.RequestMappingHandlerAdapter.invokeHandlerMethod(RequestMappingHandlerAdapter.java:893)
	at org.springframework.web.servlet.mvc.method.annotation.RequestMappingHandlerAdapter.handleInternal(RequestMappingHandlerAdapter.java:807)
	at org.springframework.web.servlet.mvc.method.AbstractHandlerMethodAdapter.handle(AbstractHandlerMethodAdapter.java:87)
	at org.springframework.web.servlet.DispatcherServlet.doDispatch(DispatcherServlet.java:1061)
	at org.springframework.web.servlet.DispatcherServlet.doService(DispatcherServlet.java:961)
	at org.springframework.web.servlet.FrameworkServlet.processRequest(FrameworkServlet.java:1006)
	at org.springframework.web.servlet.FrameworkServlet.doPost(FrameworkServlet.java:909)
	at javax.servlet.http.HttpServlet.service(HttpServlet.java:652)
	at org.springframework.web.servlet.FrameworkServlet.service(FrameworkServlet.java:883)
	at javax.servlet.http.HttpServlet.service(HttpServlet.java:733)
	at org.apache.catalina.core.ApplicationFilterChain.internalDoFilter(ApplicationFilterChain.java:231)
	at org.apache.catalina.core.ApplicationFilterChain.doFilter(ApplicationFilterChain.java:166)
	at org.apache.tomcat.websocket.server.WsFilter.doFilter(WsFilter.java:53)
	at org.apache.catalina.core.ApplicationFilterChain.internalDoFilter(ApplicationFilterChain.java:193)
	at org.apache.catalina.core.ApplicationFilterChain.doFilter(ApplicationFilterChain.java:166)
	at org.apache.shiro.web.servlet.ProxiedFilterChain.doFilter(ProxiedFilterChain.java:61)
	at org.apache.shiro.web.servlet.AdviceFilter.executeChain(AdviceFilter.java:108)
	at org.apache.shiro.web.servlet.AdviceFilter.doFilterInternal(AdviceFilter.java:137)
	at org.apache.shiro.web.servlet.OncePerRequestFilter.doFilter(OncePerRequestFilter.java:125)
	at org.apache.shiro.web.servlet.ProxiedFilterChain.doFilter(ProxiedFilterChain.java:66)
	at org.apache.shiro.web.servlet.AdviceFilter.executeChain(AdviceFilter.java:108)
	at org.apache.shiro.web.servlet.AdviceFilter.doFilterInternal(AdviceFilter.java:137)
	at org.apache.shiro.web.servlet.OncePerRequestFilter.doFilter(OncePerRequestFilter.java:125)
	at org.apache.shiro.web.servlet.ProxiedFilterChain.doFilter(ProxiedFilterChain.java:66)
	at org.apache.shiro.web.servlet.AbstractShiroFilter.executeChain(AbstractShiroFilter.java:450)
	at org.apache.shiro.web.servlet.AbstractShiroFilter$1.call(AbstractShiroFilter.java:365)
	at org.apache.shiro.subject.support.SubjectCallable.doCall(SubjectCallable.java:90)
	at org.apache.shiro.subject.support.SubjectCallable.call(SubjectCallable.java:83)
	at org.apache.shiro.subject.support.DelegatingSubject.execute(DelegatingSubject.java:387)
	at org.apache.shiro.web.servlet.AbstractShiroFilter.doFilterInternal(AbstractShiroFilter.java:362)
	at org.apache.shiro.web.servlet.OncePerRequestFilter.doFilter(OncePerRequestFilter.java:125)
	at org.apache.catalina.core.ApplicationFilterChain.internalDoFilter(ApplicationFilterChain.java:193)
	at org.apache.catalina.core.ApplicationFilterChain.doFilter(ApplicationFilterChain.java:166)
	at org.springframework.web.servlet.resource.ResourceUrlEncodingFilter.doFilter(ResourceUrlEncodingFilter.java:67)
	at org.apache.catalina.core.ApplicationFilterChain.internalDoFilter(ApplicationFilterChain.java:193)
	at org.apache.catalina.core.ApplicationFilterChain.doFilter(ApplicationFilterChain.java:166)
	at org.springframework.boot.actuate.web.trace.servlet.HttpTraceFilter.doFilterInternal(HttpTraceFilter.java:88)
	at org.springframework.web.filter.OncePerRequestFilter.doFilter(OncePerRequestFilter.java:119)
	at org.apache.catalina.core.ApplicationFilterChain.internalDoFilter(ApplicationFilterChain.java:193)
	at org.apache.catalina.core.ApplicationFilterChain.doFilter(ApplicationFilterChain.java:166)
	at cc.mrbird.febs.common.xss.XssFilter.doFilter(XssFilter.java:54)
	at org.apache.catalina.core.ApplicationFilterChain.internalDoFilter(ApplicationFilterChain.java:193)
	at org.apache.catalina.core.ApplicationFilterChain.doFilter(ApplicationFilterChain.java:166)
	at org.springframework.web.filter.RequestContextFilter.doFilterInternal(RequestContextFilter.java:100)
	at org.springframework.web.filter.OncePerRequestFilter.doFilter(OncePerRequestFilter.java:119)
	at org.apache.catalina.core.ApplicationFilterChain.internalDoFilter(ApplicationFilterChain.java:193)
	at org.apache.catalina.core.ApplicationFilterChain.doFilter(ApplicationFilterChain.java:166)
	at org.springframework.web.filter.FormContentFilter.doFilterInternal(FormContentFilter.java:93)
	at org.springframework.web.filter.OncePerRequestFilter.doFilter(OncePerRequestFilter.java:119)
	at org.apache.catalina.core.ApplicationFilterChain.internalDoFilter(ApplicationFilterChain.java:193)
	at org.apache.catalina.core.ApplicationFilterChain.doFilter(ApplicationFilterChain.java:166)
	at org.springframework.boot.actuate.metrics.web.servlet.WebMvcMetricsFilter.doFilterInternal(WebMvcMetricsFilter.java:93)
	at org.springframework.web.filter.OncePerRequestFilter.doFilter(OncePerRequestFilter.java:119)
	at org.apache.catalina.core.ApplicationFilterChain.internalDoFilter(ApplicationFilterChain.java:193)
	at org.apache.catalina.core.ApplicationFilterChain.doFilter(ApplicationFilterChain.java:166)
	at org.springframework.web.filter.CharacterEncodingFilter.doFilterInternal(CharacterEncodingFilter.java:201)
	at org.springframework.web.filter.OncePerRequestFilter.doFilter(OncePerRequestFilter.java:119)
	at org.apache.catalina.core.ApplicationFilterChain.internalDoFilter(ApplicationFilterChain.java:193)
	at org.apache.catalina.core.ApplicationFilterChain.doFilter(ApplicationFilterChain.java:166)
	at org.apache.catalina.core.StandardWrapperValve.invoke(StandardWrapperValve.java:202)
	at org.apache.catalina.core.StandardContextValve.invoke(StandardContextValve.java:97)
	at org.apache.catalina.authenticator.AuthenticatorBase.invoke(AuthenticatorBase.java:542)
	at org.apache.catalina.core.StandardHostValve.invoke(StandardHostValve.java:143)
	at org.apache.catalina.valves.ErrorReportValve.invoke(ErrorReportValve.java:92)
	at org.apache.catalina.core.StandardEngineValve.invoke(StandardEngineValve.java:78)
	at org.apache.catalina.connector.CoyoteAdapter.service(CoyoteAdapter.java:343)
	at org.apache.coyote.http11.Http11Processor.service(Http11Processor.java:374)
	at org.apache.coyote.AbstractProcessorLight.process(AbstractProcessorLight.java:65)
	at org.apache.coyote.AbstractProtocol$ConnectionHandler.process(AbstractProtocol.java:868)
	at org.apache.tomcat.util.net.NioEndpoint$SocketProcessor.doRun(NioEndpoint.java:1590)
	at org.apache.tomcat.util.net.SocketProcessorBase.run(SocketProcessorBase.java:49)
	at java.base/java.util.concurrent.ThreadPoolExecutor.runWorker(ThreadPoolExecutor.java:1130)
	at java.base/java.util.concurrent.ThreadPoolExecutor$Worker.run(ThreadPoolExecutor.java:630)
	at org.apache.tomcat.util.threads.TaskThread$WrappingRunnable.run(TaskThread.java:61)
	at java.base/java.lang.Thread.run(Thread.java:832)
Caused by: java.sql.SQLException: Field 'QUESTION_ID' doesn't have a default value
	at com.mysql.cj.jdbc.exceptions.SQLError.createSQLException(SQLError.java:129)
	at com.mysql.cj.jdbc.exceptions.SQLError.createSQLException(SQLError.java:97)
	at com.mysql.cj.jdbc.exceptions.SQLExceptionsMapping.translateException(SQLExceptionsMapping.java:122)
	at com.mysql.cj.jdbc.ClientPreparedStatement.executeInternal(ClientPreparedStatement.java:953)
	at com.mysql.cj.jdbc.ClientPreparedStatement.execute(ClientPreparedStatement.java:370)
	at com.zaxxer.hikari.pool.ProxyPreparedStatement.execute(ProxyPreparedStatement.java:44)
	at com.zaxxer.hikari.pool.HikariProxyPreparedStatement.execute(HikariProxyPreparedStatement.java)
	at org.apache.ibatis.executor.statement.PreparedStatementHandler.update(PreparedStatementHandler.java:47)
	at org.apache.ibatis.executor.statement.RoutingStatementHandler.update(RoutingStatementHandler.java:74)
	at jdk.internal.reflect.GeneratedMethodAccessor198.invoke(Unknown Source)
	at java.base/jdk.internal.reflect.DelegatingMethodAccessorImpl.invoke(DelegatingMethodAccessorImpl.java:43)
	at java.base/java.lang.reflect.Method.invoke(Method.java:564)
	at org.apache.ibatis.plugin.Plugin.invoke(Plugin.java:63)
	at com.sun.proxy.$Proxy163.update(Unknown Source)
	at jdk.internal.reflect.GeneratedMethodAccessor198.invoke(Unknown Source)
	at java.base/jdk.internal.reflect.DelegatingMethodAccessorImpl.invoke(DelegatingMethodAccessorImpl.java:43)
	at java.base/java.lang.reflect.Method.invoke(Method.java:564)
	at org.apache.ibatis.plugin.Plugin.invoke(Plugin.java:63)
	at com.sun.proxy.$Proxy163.update(Unknown Source)
	at com.baomidou.mybatisplus.core.executor.MybatisSimpleExecutor.doUpdate(MybatisSimpleExecutor.java:54)
	at org.apache.ibatis.executor.BaseExecutor.update(BaseExecutor.java:117)
	at com.baomidou.mybatisplus.core.executor.MybatisCachingExecutor.update(MybatisCachingExecutor.java:83)
	at jdk.internal.reflect.GeneratedMethodAccessor195.invoke(Unknown Source)
	at java.base/jdk.internal.reflect.DelegatingMethodAccessorImpl.invoke(DelegatingMethodAccessorImpl.java:43)
	at java.base/java.lang.reflect.Method.invoke(Method.java:564)
	at org.apache.ibatis.plugin.Plugin.invoke(Plugin.java:63)
	at com.sun.proxy.$Proxy162.update(Unknown Source)
	at org.apache.ibatis.session.defaults.DefaultSqlSession.update(DefaultSqlSession.java:197)
	at org.apache.ibatis.session.defaults.DefaultSqlSession.insert(DefaultSqlSession.java:184)
	at jdk.internal.reflect.GeneratedMethodAccessor299.invoke(Unknown Source)
	at java.base/jdk.internal.reflect.DelegatingMethodAccessorImpl.invoke(DelegatingMethodAccessorImpl.java:43)
	at java.base/java.lang.reflect.Method.invoke(Method.java:564)
	at org.mybatis.spring.SqlSessionTemplate$SqlSessionInterceptor.invoke(SqlSessionTemplate.java:426)
	... 129 common frames omitted
2021-03-02 23:44:29 febs-shiro ERROR http-nio-8182-exec-9 cc.mrbird.febs.common.aspect.ControllerEndpointAspect 
### Error updating database.  Cause: java.sql.SQLException: Field 'QUESTION_ID' doesn't have a default value
### The error may exist in cc/mrbird/febs/exercise/mapper/QuestionStudentStatusMapper.java (best guess)
### The error may involve cc.mrbird.febs.exercise.mapper.QuestionStudentStatusMapper.insert-Inline
### The error occurred while setting parameters
### SQL: INSERT INTO t_question_student_status (STATUS, CREATE_TIME) VALUES (?, ?)
### Cause: java.sql.SQLException: Field 'QUESTION_ID' doesn't have a default value
; Field 'QUESTION_ID' doesn't have a default value; nested exception is java.sql.SQLException: Field 'QUESTION_ID' doesn't have a default value
org.springframework.dao.DataIntegrityViolationException: 
### Error updating database.  Cause: java.sql.SQLException: Field 'QUESTION_ID' doesn't have a default value
### The error may exist in cc/mrbird/febs/exercise/mapper/QuestionStudentStatusMapper.java (best guess)
### The error may involve cc.mrbird.febs.exercise.mapper.QuestionStudentStatusMapper.insert-Inline
### The error occurred while setting parameters
### SQL: INSERT INTO t_question_student_status (STATUS, CREATE_TIME) VALUES (?, ?)
### Cause: java.sql.SQLException: Field 'QUESTION_ID' doesn't have a default value
; Field 'QUESTION_ID' doesn't have a default value; nested exception is java.sql.SQLException: Field 'QUESTION_ID' doesn't have a default value
	at org.springframework.jdbc.support.SQLErrorCodeSQLExceptionTranslator.doTranslate(SQLErrorCodeSQLExceptionTranslator.java:251)
	at org.springframework.jdbc.support.AbstractFallbackSQLExceptionTranslator.translate(AbstractFallbackSQLExceptionTranslator.java:70)
	at org.mybatis.spring.MyBatisExceptionTranslator.translateExceptionIfPossible(MyBatisExceptionTranslator.java:88)
	at org.mybatis.spring.SqlSessionTemplate$SqlSessionInterceptor.invoke(SqlSessionTemplate.java:440)
	at com.sun.proxy.$Proxy125.insert(Unknown Source)
	at org.mybatis.spring.SqlSessionTemplate.insert(SqlSessionTemplate.java:271)
	at com.baomidou.mybatisplus.core.override.MybatisMapperMethod.execute(MybatisMapperMethod.java:60)
	at com.baomidou.mybatisplus.core.override.MybatisMapperProxy.invoke(MybatisMapperProxy.java:96)
	at com.sun.proxy.$Proxy152.insert(Unknown Source)
	at com.baomidou.mybatisplus.extension.service.IService.save(IService.java:59)
	at cc.mrbird.febs.exercise.service.impl.QuestionStudentStatusServiceImpl.createQuestionStudentStatus(QuestionStudentStatusServiceImpl.java:50)
	at cc.mrbird.febs.exercise.service.impl.QuestionStudentStatusServiceImpl$$FastClassBySpringCGLIB$$eb962ce9.invoke(<generated>)
	at org.springframework.cglib.proxy.MethodProxy.invoke(MethodProxy.java:218)
	at org.springframework.aop.framework.CglibAopProxy$CglibMethodInvocation.invokeJoinpoint(CglibAopProxy.java:771)
	at org.springframework.aop.framework.ReflectiveMethodInvocation.proceed(ReflectiveMethodInvocation.java:163)
	at org.springframework.aop.framework.CglibAopProxy$CglibMethodInvocation.proceed(CglibAopProxy.java:749)
	at org.springframework.transaction.interceptor.TransactionAspectSupport.invokeWithinTransaction(TransactionAspectSupport.java:371)
	at org.springframework.transaction.interceptor.TransactionInterceptor.invoke(TransactionInterceptor.java:134)
	at org.springframework.aop.framework.ReflectiveMethodInvocation.proceed(ReflectiveMethodInvocation.java:186)
	at org.springframework.aop.framework.CglibAopProxy$CglibMethodInvocation.proceed(CglibAopProxy.java:749)
	at org.springframework.aop.framework.CglibAopProxy$DynamicAdvisedInterceptor.intercept(CglibAopProxy.java:691)
	at cc.mrbird.febs.exercise.service.impl.QuestionStudentStatusServiceImpl$$EnhancerBySpringCGLIB$$4d3d65cf.createQuestionStudentStatus(<generated>)
	at cc.mrbird.febs.exercise.controller.QuestionStudentStatusController.addQuestionStudentStatus(QuestionStudentStatusController.java:70)
	at cc.mrbird.febs.exercise.controller.QuestionStudentStatusController$$FastClassBySpringCGLIB$$938b730b.invoke(<generated>)
	at org.springframework.cglib.proxy.MethodProxy.invoke(MethodProxy.java:218)
	at org.springframework.aop.framework.CglibAopProxy$CglibMethodInvocation.invokeJoinpoint(CglibAopProxy.java:771)
	at org.springframework.aop.framework.ReflectiveMethodInvocation.proceed(ReflectiveMethodInvocation.java:163)
	at org.springframework.aop.framework.CglibAopProxy$CglibMethodInvocation.proceed(CglibAopProxy.java:749)
	at org.springframework.validation.beanvalidation.MethodValidationInterceptor.invoke(MethodValidationInterceptor.java:123)
	at org.springframework.aop.framework.ReflectiveMethodInvocation.proceed(ReflectiveMethodInvocation.java:186)
	at org.springframework.aop.framework.CglibAopProxy$CglibMethodInvocation.proceed(CglibAopProxy.java:749)
	at org.springframework.aop.aspectj.MethodInvocationProceedingJoinPoint.proceed(MethodInvocationProceedingJoinPoint.java:89)
	at cc.mrbird.febs.common.aspect.ControllerEndpointAspect.around(ControllerEndpointAspect.java:46)
	at jdk.internal.reflect.GeneratedMethodAccessor260.invoke(Unknown Source)
	at java.base/jdk.internal.reflect.DelegatingMethodAccessorImpl.invoke(DelegatingMethodAccessorImpl.java:43)
	at java.base/java.lang.reflect.Method.invoke(Method.java:564)
	at org.springframework.aop.aspectj.AbstractAspectJAdvice.invokeAdviceMethodWithGivenArgs(AbstractAspectJAdvice.java:644)
	at org.springframework.aop.aspectj.AbstractAspectJAdvice.invokeAdviceMethod(AbstractAspectJAdvice.java:633)
	at org.springframework.aop.aspectj.AspectJAroundAdvice.invoke(AspectJAroundAdvice.java:72)
	at org.springframework.aop.framework.ReflectiveMethodInvocation.proceed(ReflectiveMethodInvocation.java:175)
	at org.springframework.aop.framework.CglibAopProxy$CglibMethodInvocation.proceed(CglibAopProxy.java:749)
	at org.apache.shiro.spring.security.interceptor.AopAllianceAnnotationsAuthorizingMethodInterceptor$1.proceed(AopAllianceAnnotationsAuthorizingMethodInterceptor.java:82)
	at org.apache.shiro.authz.aop.AuthorizingMethodInterceptor.invoke(AuthorizingMethodInterceptor.java:39)
	at org.apache.shiro.spring.security.interceptor.AopAllianceAnnotationsAuthorizingMethodInterceptor.invoke(AopAllianceAnnotationsAuthorizingMethodInterceptor.java:115)
	at org.springframework.aop.framework.ReflectiveMethodInvocation.proceed(ReflectiveMethodInvocation.java:186)
	at org.springframework.aop.framework.CglibAopProxy$CglibMethodInvocation.proceed(CglibAopProxy.java:749)
	at org.springframework.aop.interceptor.ExposeInvocationInterceptor.invoke(ExposeInvocationInterceptor.java:97)
	at org.springframework.aop.framework.ReflectiveMethodInvocation.proceed(ReflectiveMethodInvocation.java:186)
	at org.springframework.aop.framework.CglibAopProxy$CglibMethodInvocation.proceed(CglibAopProxy.java:749)
	at org.springframework.aop.framework.CglibAopProxy$DynamicAdvisedInterceptor.intercept(CglibAopProxy.java:691)
	at cc.mrbird.febs.exercise.controller.QuestionStudentStatusController$$EnhancerBySpringCGLIB$$8e86184d.addQuestionStudentStatus(<generated>)
	at java.base/jdk.internal.reflect.NativeMethodAccessorImpl.invoke0(Native Method)
	at java.base/jdk.internal.reflect.NativeMethodAccessorImpl.invoke(NativeMethodAccessorImpl.java:64)
	at java.base/jdk.internal.reflect.DelegatingMethodAccessorImpl.invoke(DelegatingMethodAccessorImpl.java:43)
	at java.base/java.lang.reflect.Method.invoke(Method.java:564)
	at org.springframework.web.method.support.InvocableHandlerMethod.doInvoke(InvocableHandlerMethod.java:197)
	at org.springframework.web.method.support.InvocableHandlerMethod.invokeForRequest(InvocableHandlerMethod.java:141)
	at org.springframework.web.servlet.mvc.method.annotation.ServletInvocableHandlerMethod.invokeAndHandle(ServletInvocableHandlerMethod.java:106)
	at org.springframework.web.servlet.mvc.method.annotation.RequestMappingHandlerAdapter.invokeHandlerMethod(RequestMappingHandlerAdapter.java:893)
	at org.springframework.web.servlet.mvc.method.annotation.RequestMappingHandlerAdapter.handleInternal(RequestMappingHandlerAdapter.java:807)
	at org.springframework.web.servlet.mvc.method.AbstractHandlerMethodAdapter.handle(AbstractHandlerMethodAdapter.java:87)
	at org.springframework.web.servlet.DispatcherServlet.doDispatch(DispatcherServlet.java:1061)
	at org.springframework.web.servlet.DispatcherServlet.doService(DispatcherServlet.java:961)
	at org.springframework.web.servlet.FrameworkServlet.processRequest(FrameworkServlet.java:1006)
	at org.springframework.web.servlet.FrameworkServlet.doPost(FrameworkServlet.java:909)
	at javax.servlet.http.HttpServlet.service(HttpServlet.java:652)
	at org.springframework.web.servlet.FrameworkServlet.service(FrameworkServlet.java:883)
	at javax.servlet.http.HttpServlet.service(HttpServlet.java:733)
	at org.apache.catalina.core.ApplicationFilterChain.internalDoFilter(ApplicationFilterChain.java:231)
	at org.apache.catalina.core.ApplicationFilterChain.doFilter(ApplicationFilterChain.java:166)
	at org.apache.tomcat.websocket.server.WsFilter.doFilter(WsFilter.java:53)
	at org.apache.catalina.core.ApplicationFilterChain.internalDoFilter(ApplicationFilterChain.java:193)
	at org.apache.catalina.core.ApplicationFilterChain.doFilter(ApplicationFilterChain.java:166)
	at org.apache.shiro.web.servlet.ProxiedFilterChain.doFilter(ProxiedFilterChain.java:61)
	at org.apache.shiro.web.servlet.AdviceFilter.executeChain(AdviceFilter.java:108)
	at org.apache.shiro.web.servlet.AdviceFilter.doFilterInternal(AdviceFilter.java:137)
	at org.apache.shiro.web.servlet.OncePerRequestFilter.doFilter(OncePerRequestFilter.java:125)
	at org.apache.shiro.web.servlet.ProxiedFilterChain.doFilter(ProxiedFilterChain.java:66)
	at org.apache.shiro.web.servlet.AdviceFilter.executeChain(AdviceFilter.java:108)
	at org.apache.shiro.web.servlet.AdviceFilter.doFilterInternal(AdviceFilter.java:137)
	at org.apache.shiro.web.servlet.OncePerRequestFilter.doFilter(OncePerRequestFilter.java:125)
	at org.apache.shiro.web.servlet.ProxiedFilterChain.doFilter(ProxiedFilterChain.java:66)
	at org.apache.shiro.web.servlet.AbstractShiroFilter.executeChain(AbstractShiroFilter.java:450)
	at org.apache.shiro.web.servlet.AbstractShiroFilter$1.call(AbstractShiroFilter.java:365)
	at org.apache.shiro.subject.support.SubjectCallable.doCall(SubjectCallable.java:90)
	at org.apache.shiro.subject.support.SubjectCallable.call(SubjectCallable.java:83)
	at org.apache.shiro.subject.support.DelegatingSubject.execute(DelegatingSubject.java:387)
	at org.apache.shiro.web.servlet.AbstractShiroFilter.doFilterInternal(AbstractShiroFilter.java:362)
	at org.apache.shiro.web.servlet.OncePerRequestFilter.doFilter(OncePerRequestFilter.java:125)
	at org.apache.catalina.core.ApplicationFilterChain.internalDoFilter(ApplicationFilterChain.java:193)
	at org.apache.catalina.core.ApplicationFilterChain.doFilter(ApplicationFilterChain.java:166)
	at org.springframework.web.servlet.resource.ResourceUrlEncodingFilter.doFilter(ResourceUrlEncodingFilter.java:67)
	at org.apache.catalina.core.ApplicationFilterChain.internalDoFilter(ApplicationFilterChain.java:193)
	at org.apache.catalina.core.ApplicationFilterChain.doFilter(ApplicationFilterChain.java:166)
	at org.springframework.boot.actuate.web.trace.servlet.HttpTraceFilter.doFilterInternal(HttpTraceFilter.java:88)
	at org.springframework.web.filter.OncePerRequestFilter.doFilter(OncePerRequestFilter.java:119)
	at org.apache.catalina.core.ApplicationFilterChain.internalDoFilter(ApplicationFilterChain.java:193)
	at org.apache.catalina.core.ApplicationFilterChain.doFilter(ApplicationFilterChain.java:166)
	at cc.mrbird.febs.common.xss.XssFilter.doFilter(XssFilter.java:54)
	at org.apache.catalina.core.ApplicationFilterChain.internalDoFilter(ApplicationFilterChain.java:193)
	at org.apache.catalina.core.ApplicationFilterChain.doFilter(ApplicationFilterChain.java:166)
	at org.springframework.web.filter.RequestContextFilter.doFilterInternal(RequestContextFilter.java:100)
	at org.springframework.web.filter.OncePerRequestFilter.doFilter(OncePerRequestFilter.java:119)
	at org.apache.catalina.core.ApplicationFilterChain.internalDoFilter(ApplicationFilterChain.java:193)
	at org.apache.catalina.core.ApplicationFilterChain.doFilter(ApplicationFilterChain.java:166)
	at org.springframework.web.filter.FormContentFilter.doFilterInternal(FormContentFilter.java:93)
	at org.springframework.web.filter.OncePerRequestFilter.doFilter(OncePerRequestFilter.java:119)
	at org.apache.catalina.core.ApplicationFilterChain.internalDoFilter(ApplicationFilterChain.java:193)
	at org.apache.catalina.core.ApplicationFilterChain.doFilter(ApplicationFilterChain.java:166)
	at org.springframework.boot.actuate.metrics.web.servlet.WebMvcMetricsFilter.doFilterInternal(WebMvcMetricsFilter.java:93)
	at org.springframework.web.filter.OncePerRequestFilter.doFilter(OncePerRequestFilter.java:119)
	at org.apache.catalina.core.ApplicationFilterChain.internalDoFilter(ApplicationFilterChain.java:193)
	at org.apache.catalina.core.ApplicationFilterChain.doFilter(ApplicationFilterChain.java:166)
	at org.springframework.web.filter.CharacterEncodingFilter.doFilterInternal(CharacterEncodingFilter.java:201)
	at org.springframework.web.filter.OncePerRequestFilter.doFilter(OncePerRequestFilter.java:119)
	at org.apache.catalina.core.ApplicationFilterChain.internalDoFilter(ApplicationFilterChain.java:193)
	at org.apache.catalina.core.ApplicationFilterChain.doFilter(ApplicationFilterChain.java:166)
	at org.apache.catalina.core.StandardWrapperValve.invoke(StandardWrapperValve.java:202)
	at org.apache.catalina.core.StandardContextValve.invoke(StandardContextValve.java:97)
	at org.apache.catalina.authenticator.AuthenticatorBase.invoke(AuthenticatorBase.java:542)
	at org.apache.catalina.core.StandardHostValve.invoke(StandardHostValve.java:143)
	at org.apache.catalina.valves.ErrorReportValve.invoke(ErrorReportValve.java:92)
	at org.apache.catalina.core.StandardEngineValve.invoke(StandardEngineValve.java:78)
	at org.apache.catalina.connector.CoyoteAdapter.service(CoyoteAdapter.java:343)
	at org.apache.coyote.http11.Http11Processor.service(Http11Processor.java:374)
	at org.apache.coyote.AbstractProcessorLight.process(AbstractProcessorLight.java:65)
	at org.apache.coyote.AbstractProtocol$ConnectionHandler.process(AbstractProtocol.java:868)
	at org.apache.tomcat.util.net.NioEndpoint$SocketProcessor.doRun(NioEndpoint.java:1590)
	at org.apache.tomcat.util.net.SocketProcessorBase.run(SocketProcessorBase.java:49)
	at java.base/java.util.concurrent.ThreadPoolExecutor.runWorker(ThreadPoolExecutor.java:1130)
	at java.base/java.util.concurrent.ThreadPoolExecutor$Worker.run(ThreadPoolExecutor.java:630)
	at org.apache.tomcat.util.threads.TaskThread$WrappingRunnable.run(TaskThread.java:61)
	at java.base/java.lang.Thread.run(Thread.java:832)
Caused by: java.sql.SQLException: Field 'QUESTION_ID' doesn't have a default value
	at com.mysql.cj.jdbc.exceptions.SQLError.createSQLException(SQLError.java:129)
	at com.mysql.cj.jdbc.exceptions.SQLError.createSQLException(SQLError.java:97)
	at com.mysql.cj.jdbc.exceptions.SQLExceptionsMapping.translateException(SQLExceptionsMapping.java:122)
	at com.mysql.cj.jdbc.ClientPreparedStatement.executeInternal(ClientPreparedStatement.java:953)
	at com.mysql.cj.jdbc.ClientPreparedStatement.execute(ClientPreparedStatement.java:370)
	at com.zaxxer.hikari.pool.ProxyPreparedStatement.execute(ProxyPreparedStatement.java:44)
	at com.zaxxer.hikari.pool.HikariProxyPreparedStatement.execute(HikariProxyPreparedStatement.java)
	at org.apache.ibatis.executor.statement.PreparedStatementHandler.update(PreparedStatementHandler.java:47)
	at org.apache.ibatis.executor.statement.RoutingStatementHandler.update(RoutingStatementHandler.java:74)
	at jdk.internal.reflect.GeneratedMethodAccessor198.invoke(Unknown Source)
	at java.base/jdk.internal.reflect.DelegatingMethodAccessorImpl.invoke(DelegatingMethodAccessorImpl.java:43)
	at java.base/java.lang.reflect.Method.invoke(Method.java:564)
	at org.apache.ibatis.plugin.Plugin.invoke(Plugin.java:63)
	at com.sun.proxy.$Proxy163.update(Unknown Source)
	at jdk.internal.reflect.GeneratedMethodAccessor198.invoke(Unknown Source)
	at java.base/jdk.internal.reflect.DelegatingMethodAccessorImpl.invoke(DelegatingMethodAccessorImpl.java:43)
	at java.base/java.lang.reflect.Method.invoke(Method.java:564)
	at org.apache.ibatis.plugin.Plugin.invoke(Plugin.java:63)
	at com.sun.proxy.$Proxy163.update(Unknown Source)
	at com.baomidou.mybatisplus.core.executor.MybatisSimpleExecutor.doUpdate(MybatisSimpleExecutor.java:54)
	at org.apache.ibatis.executor.BaseExecutor.update(BaseExecutor.java:117)
	at com.baomidou.mybatisplus.core.executor.MybatisCachingExecutor.update(MybatisCachingExecutor.java:83)
	at jdk.internal.reflect.GeneratedMethodAccessor195.invoke(Unknown Source)
	at java.base/jdk.internal.reflect.DelegatingMethodAccessorImpl.invoke(DelegatingMethodAccessorImpl.java:43)
	at java.base/java.lang.reflect.Method.invoke(Method.java:564)
	at org.apache.ibatis.plugin.Plugin.invoke(Plugin.java:63)
	at com.sun.proxy.$Proxy162.update(Unknown Source)
	at org.apache.ibatis.session.defaults.DefaultSqlSession.update(DefaultSqlSession.java:197)
	at org.apache.ibatis.session.defaults.DefaultSqlSession.insert(DefaultSqlSession.java:184)
	at jdk.internal.reflect.GeneratedMethodAccessor299.invoke(Unknown Source)
	at java.base/jdk.internal.reflect.DelegatingMethodAccessorImpl.invoke(DelegatingMethodAccessorImpl.java:43)
	at java.base/java.lang.reflect.Method.invoke(Method.java:564)
	at org.mybatis.spring.SqlSessionTemplate$SqlSessionInterceptor.invoke(SqlSessionTemplate.java:426)
	... 129 common frames omitted
2021-03-02 23:44:29 febs-shiro ERROR febs-async-thread-4 cc.mrbird.febs.common.utils.AddressUtil 获取IP地址失败，Cannot invoke "java.io.InputStream.read(byte[])" because "input" is null
2021-03-02 23:44:34 febs-shiro ERROR http-nio-8182-exec-3 cc.mrbird.febs.common.aspect.ControllerEndpointAspect 
### Error updating database.  Cause: java.sql.SQLException: Field 'QUESTION_ID' doesn't have a default value
### The error may exist in cc/mrbird/febs/exercise/mapper/QuestionStudentStatusMapper.java (best guess)
### The error may involve cc.mrbird.febs.exercise.mapper.QuestionStudentStatusMapper.insert-Inline
### The error occurred while setting parameters
### SQL: INSERT INTO t_question_student_status (STATUS, CREATE_TIME) VALUES (?, ?)
### Cause: java.sql.SQLException: Field 'QUESTION_ID' doesn't have a default value
; Field 'QUESTION_ID' doesn't have a default value; nested exception is java.sql.SQLException: Field 'QUESTION_ID' doesn't have a default value
org.springframework.dao.DataIntegrityViolationException: 
### Error updating database.  Cause: java.sql.SQLException: Field 'QUESTION_ID' doesn't have a default value
### The error may exist in cc/mrbird/febs/exercise/mapper/QuestionStudentStatusMapper.java (best guess)
### The error may involve cc.mrbird.febs.exercise.mapper.QuestionStudentStatusMapper.insert-Inline
### The error occurred while setting parameters
### SQL: INSERT INTO t_question_student_status (STATUS, CREATE_TIME) VALUES (?, ?)
### Cause: java.sql.SQLException: Field 'QUESTION_ID' doesn't have a default value
; Field 'QUESTION_ID' doesn't have a default value; nested exception is java.sql.SQLException: Field 'QUESTION_ID' doesn't have a default value
	at org.springframework.jdbc.support.SQLErrorCodeSQLExceptionTranslator.doTranslate(SQLErrorCodeSQLExceptionTranslator.java:251)
	at org.springframework.jdbc.support.AbstractFallbackSQLExceptionTranslator.translate(AbstractFallbackSQLExceptionTranslator.java:70)
	at org.mybatis.spring.MyBatisExceptionTranslator.translateExceptionIfPossible(MyBatisExceptionTranslator.java:88)
	at org.mybatis.spring.SqlSessionTemplate$SqlSessionInterceptor.invoke(SqlSessionTemplate.java:440)
	at com.sun.proxy.$Proxy125.insert(Unknown Source)
	at org.mybatis.spring.SqlSessionTemplate.insert(SqlSessionTemplate.java:271)
	at com.baomidou.mybatisplus.core.override.MybatisMapperMethod.execute(MybatisMapperMethod.java:60)
	at com.baomidou.mybatisplus.core.override.MybatisMapperProxy.invoke(MybatisMapperProxy.java:96)
	at com.sun.proxy.$Proxy152.insert(Unknown Source)
	at com.baomidou.mybatisplus.extension.service.IService.save(IService.java:59)
	at cc.mrbird.febs.exercise.service.impl.QuestionStudentStatusServiceImpl.createQuestionStudentStatus(QuestionStudentStatusServiceImpl.java:50)
	at cc.mrbird.febs.exercise.service.impl.QuestionStudentStatusServiceImpl$$FastClassBySpringCGLIB$$eb962ce9.invoke(<generated>)
	at org.springframework.cglib.proxy.MethodProxy.invoke(MethodProxy.java:218)
	at org.springframework.aop.framework.CglibAopProxy$CglibMethodInvocation.invokeJoinpoint(CglibAopProxy.java:771)
	at org.springframework.aop.framework.ReflectiveMethodInvocation.proceed(ReflectiveMethodInvocation.java:163)
	at org.springframework.aop.framework.CglibAopProxy$CglibMethodInvocation.proceed(CglibAopProxy.java:749)
	at org.springframework.transaction.interceptor.TransactionAspectSupport.invokeWithinTransaction(TransactionAspectSupport.java:371)
	at org.springframework.transaction.interceptor.TransactionInterceptor.invoke(TransactionInterceptor.java:134)
	at org.springframework.aop.framework.ReflectiveMethodInvocation.proceed(ReflectiveMethodInvocation.java:186)
	at org.springframework.aop.framework.CglibAopProxy$CglibMethodInvocation.proceed(CglibAopProxy.java:749)
	at org.springframework.aop.framework.CglibAopProxy$DynamicAdvisedInterceptor.intercept(CglibAopProxy.java:691)
	at cc.mrbird.febs.exercise.service.impl.QuestionStudentStatusServiceImpl$$EnhancerBySpringCGLIB$$4d3d65cf.createQuestionStudentStatus(<generated>)
	at cc.mrbird.febs.exercise.controller.QuestionStudentStatusController.addQuestionStudentStatus(QuestionStudentStatusController.java:70)
	at cc.mrbird.febs.exercise.controller.QuestionStudentStatusController$$FastClassBySpringCGLIB$$938b730b.invoke(<generated>)
	at org.springframework.cglib.proxy.MethodProxy.invoke(MethodProxy.java:218)
	at org.springframework.aop.framework.CglibAopProxy$CglibMethodInvocation.invokeJoinpoint(CglibAopProxy.java:771)
	at org.springframework.aop.framework.ReflectiveMethodInvocation.proceed(ReflectiveMethodInvocation.java:163)
	at org.springframework.aop.framework.CglibAopProxy$CglibMethodInvocation.proceed(CglibAopProxy.java:749)
	at org.springframework.validation.beanvalidation.MethodValidationInterceptor.invoke(MethodValidationInterceptor.java:123)
	at org.springframework.aop.framework.ReflectiveMethodInvocation.proceed(ReflectiveMethodInvocation.java:186)
	at org.springframework.aop.framework.CglibAopProxy$CglibMethodInvocation.proceed(CglibAopProxy.java:749)
	at org.springframework.aop.aspectj.MethodInvocationProceedingJoinPoint.proceed(MethodInvocationProceedingJoinPoint.java:89)
	at cc.mrbird.febs.common.aspect.ControllerEndpointAspect.around(ControllerEndpointAspect.java:46)
	at jdk.internal.reflect.GeneratedMethodAccessor260.invoke(Unknown Source)
	at java.base/jdk.internal.reflect.DelegatingMethodAccessorImpl.invoke(DelegatingMethodAccessorImpl.java:43)
	at java.base/java.lang.reflect.Method.invoke(Method.java:564)
	at org.springframework.aop.aspectj.AbstractAspectJAdvice.invokeAdviceMethodWithGivenArgs(AbstractAspectJAdvice.java:644)
	at org.springframework.aop.aspectj.AbstractAspectJAdvice.invokeAdviceMethod(AbstractAspectJAdvice.java:633)
	at org.springframework.aop.aspectj.AspectJAroundAdvice.invoke(AspectJAroundAdvice.java:72)
	at org.springframework.aop.framework.ReflectiveMethodInvocation.proceed(ReflectiveMethodInvocation.java:175)
	at org.springframework.aop.framework.CglibAopProxy$CglibMethodInvocation.proceed(CglibAopProxy.java:749)
	at org.apache.shiro.spring.security.interceptor.AopAllianceAnnotationsAuthorizingMethodInterceptor$1.proceed(AopAllianceAnnotationsAuthorizingMethodInterceptor.java:82)
	at org.apache.shiro.authz.aop.AuthorizingMethodInterceptor.invoke(AuthorizingMethodInterceptor.java:39)
	at org.apache.shiro.spring.security.interceptor.AopAllianceAnnotationsAuthorizingMethodInterceptor.invoke(AopAllianceAnnotationsAuthorizingMethodInterceptor.java:115)
	at org.springframework.aop.framework.ReflectiveMethodInvocation.proceed(ReflectiveMethodInvocation.java:186)
	at org.springframework.aop.framework.CglibAopProxy$CglibMethodInvocation.proceed(CglibAopProxy.java:749)
	at org.springframework.aop.interceptor.ExposeInvocationInterceptor.invoke(ExposeInvocationInterceptor.java:97)
	at org.springframework.aop.framework.ReflectiveMethodInvocation.proceed(ReflectiveMethodInvocation.java:186)
	at org.springframework.aop.framework.CglibAopProxy$CglibMethodInvocation.proceed(CglibAopProxy.java:749)
	at org.springframework.aop.framework.CglibAopProxy$DynamicAdvisedInterceptor.intercept(CglibAopProxy.java:691)
	at cc.mrbird.febs.exercise.controller.QuestionStudentStatusController$$EnhancerBySpringCGLIB$$8e86184d.addQuestionStudentStatus(<generated>)
	at java.base/jdk.internal.reflect.NativeMethodAccessorImpl.invoke0(Native Method)
	at java.base/jdk.internal.reflect.NativeMethodAccessorImpl.invoke(NativeMethodAccessorImpl.java:64)
	at java.base/jdk.internal.reflect.DelegatingMethodAccessorImpl.invoke(DelegatingMethodAccessorImpl.java:43)
	at java.base/java.lang.reflect.Method.invoke(Method.java:564)
	at org.springframework.web.method.support.InvocableHandlerMethod.doInvoke(InvocableHandlerMethod.java:197)
	at org.springframework.web.method.support.InvocableHandlerMethod.invokeForRequest(InvocableHandlerMethod.java:141)
	at org.springframework.web.servlet.mvc.method.annotation.ServletInvocableHandlerMethod.invokeAndHandle(ServletInvocableHandlerMethod.java:106)
	at org.springframework.web.servlet.mvc.method.annotation.RequestMappingHandlerAdapter.invokeHandlerMethod(RequestMappingHandlerAdapter.java:893)
	at org.springframework.web.servlet.mvc.method.annotation.RequestMappingHandlerAdapter.handleInternal(RequestMappingHandlerAdapter.java:807)
	at org.springframework.web.servlet.mvc.method.AbstractHandlerMethodAdapter.handle(AbstractHandlerMethodAdapter.java:87)
	at org.springframework.web.servlet.DispatcherServlet.doDispatch(DispatcherServlet.java:1061)
	at org.springframework.web.servlet.DispatcherServlet.doService(DispatcherServlet.java:961)
	at org.springframework.web.servlet.FrameworkServlet.processRequest(FrameworkServlet.java:1006)
	at org.springframework.web.servlet.FrameworkServlet.doPost(FrameworkServlet.java:909)
	at javax.servlet.http.HttpServlet.service(HttpServlet.java:652)
	at org.springframework.web.servlet.FrameworkServlet.service(FrameworkServlet.java:883)
	at javax.servlet.http.HttpServlet.service(HttpServlet.java:733)
	at org.apache.catalina.core.ApplicationFilterChain.internalDoFilter(ApplicationFilterChain.java:231)
	at org.apache.catalina.core.ApplicationFilterChain.doFilter(ApplicationFilterChain.java:166)
	at org.apache.tomcat.websocket.server.WsFilter.doFilter(WsFilter.java:53)
	at org.apache.catalina.core.ApplicationFilterChain.internalDoFilter(ApplicationFilterChain.java:193)
	at org.apache.catalina.core.ApplicationFilterChain.doFilter(ApplicationFilterChain.java:166)
	at org.apache.shiro.web.servlet.ProxiedFilterChain.doFilter(ProxiedFilterChain.java:61)
	at org.apache.shiro.web.servlet.AdviceFilter.executeChain(AdviceFilter.java:108)
	at org.apache.shiro.web.servlet.AdviceFilter.doFilterInternal(AdviceFilter.java:137)
	at org.apache.shiro.web.servlet.OncePerRequestFilter.doFilter(OncePerRequestFilter.java:125)
	at org.apache.shiro.web.servlet.ProxiedFilterChain.doFilter(ProxiedFilterChain.java:66)
	at org.apache.shiro.web.servlet.AdviceFilter.executeChain(AdviceFilter.java:108)
	at org.apache.shiro.web.servlet.AdviceFilter.doFilterInternal(AdviceFilter.java:137)
	at org.apache.shiro.web.servlet.OncePerRequestFilter.doFilter(OncePerRequestFilter.java:125)
	at org.apache.shiro.web.servlet.ProxiedFilterChain.doFilter(ProxiedFilterChain.java:66)
	at org.apache.shiro.web.servlet.AbstractShiroFilter.executeChain(AbstractShiroFilter.java:450)
	at org.apache.shiro.web.servlet.AbstractShiroFilter$1.call(AbstractShiroFilter.java:365)
	at org.apache.shiro.subject.support.SubjectCallable.doCall(SubjectCallable.java:90)
	at org.apache.shiro.subject.support.SubjectCallable.call(SubjectCallable.java:83)
	at org.apache.shiro.subject.support.DelegatingSubject.execute(DelegatingSubject.java:387)
	at org.apache.shiro.web.servlet.AbstractShiroFilter.doFilterInternal(AbstractShiroFilter.java:362)
	at org.apache.shiro.web.servlet.OncePerRequestFilter.doFilter(OncePerRequestFilter.java:125)
	at org.apache.catalina.core.ApplicationFilterChain.internalDoFilter(ApplicationFilterChain.java:193)
	at org.apache.catalina.core.ApplicationFilterChain.doFilter(ApplicationFilterChain.java:166)
	at org.springframework.web.servlet.resource.ResourceUrlEncodingFilter.doFilter(ResourceUrlEncodingFilter.java:67)
	at org.apache.catalina.core.ApplicationFilterChain.internalDoFilter(ApplicationFilterChain.java:193)
	at org.apache.catalina.core.ApplicationFilterChain.doFilter(ApplicationFilterChain.java:166)
	at org.springframework.boot.actuate.web.trace.servlet.HttpTraceFilter.doFilterInternal(HttpTraceFilter.java:88)
	at org.springframework.web.filter.OncePerRequestFilter.doFilter(OncePerRequestFilter.java:119)
	at org.apache.catalina.core.ApplicationFilterChain.internalDoFilter(ApplicationFilterChain.java:193)
	at org.apache.catalina.core.ApplicationFilterChain.doFilter(ApplicationFilterChain.java:166)
	at cc.mrbird.febs.common.xss.XssFilter.doFilter(XssFilter.java:54)
	at org.apache.catalina.core.ApplicationFilterChain.internalDoFilter(ApplicationFilterChain.java:193)
	at org.apache.catalina.core.ApplicationFilterChain.doFilter(ApplicationFilterChain.java:166)
	at org.springframework.web.filter.RequestContextFilter.doFilterInternal(RequestContextFilter.java:100)
	at org.springframework.web.filter.OncePerRequestFilter.doFilter(OncePerRequestFilter.java:119)
	at org.apache.catalina.core.ApplicationFilterChain.internalDoFilter(ApplicationFilterChain.java:193)
	at org.apache.catalina.core.ApplicationFilterChain.doFilter(ApplicationFilterChain.java:166)
	at org.springframework.web.filter.FormContentFilter.doFilterInternal(FormContentFilter.java:93)
	at org.springframework.web.filter.OncePerRequestFilter.doFilter(OncePerRequestFilter.java:119)
	at org.apache.catalina.core.ApplicationFilterChain.internalDoFilter(ApplicationFilterChain.java:193)
	at org.apache.catalina.core.ApplicationFilterChain.doFilter(ApplicationFilterChain.java:166)
	at org.springframework.boot.actuate.metrics.web.servlet.WebMvcMetricsFilter.doFilterInternal(WebMvcMetricsFilter.java:93)
	at org.springframework.web.filter.OncePerRequestFilter.doFilter(OncePerRequestFilter.java:119)
	at org.apache.catalina.core.ApplicationFilterChain.internalDoFilter(ApplicationFilterChain.java:193)
	at org.apache.catalina.core.ApplicationFilterChain.doFilter(ApplicationFilterChain.java:166)
	at org.springframework.web.filter.CharacterEncodingFilter.doFilterInternal(CharacterEncodingFilter.java:201)
	at org.springframework.web.filter.OncePerRequestFilter.doFilter(OncePerRequestFilter.java:119)
	at org.apache.catalina.core.ApplicationFilterChain.internalDoFilter(ApplicationFilterChain.java:193)
	at org.apache.catalina.core.ApplicationFilterChain.doFilter(ApplicationFilterChain.java:166)
	at org.apache.catalina.core.StandardWrapperValve.invoke(StandardWrapperValve.java:202)
	at org.apache.catalina.core.StandardContextValve.invoke(StandardContextValve.java:97)
	at org.apache.catalina.authenticator.AuthenticatorBase.invoke(AuthenticatorBase.java:542)
	at org.apache.catalina.core.StandardHostValve.invoke(StandardHostValve.java:143)
	at org.apache.catalina.valves.ErrorReportValve.invoke(ErrorReportValve.java:92)
	at org.apache.catalina.core.StandardEngineValve.invoke(StandardEngineValve.java:78)
	at org.apache.catalina.connector.CoyoteAdapter.service(CoyoteAdapter.java:343)
	at org.apache.coyote.http11.Http11Processor.service(Http11Processor.java:374)
	at org.apache.coyote.AbstractProcessorLight.process(AbstractProcessorLight.java:65)
	at org.apache.coyote.AbstractProtocol$ConnectionHandler.process(AbstractProtocol.java:868)
	at org.apache.tomcat.util.net.NioEndpoint$SocketProcessor.doRun(NioEndpoint.java:1590)
	at org.apache.tomcat.util.net.SocketProcessorBase.run(SocketProcessorBase.java:49)
	at java.base/java.util.concurrent.ThreadPoolExecutor.runWorker(ThreadPoolExecutor.java:1130)
	at java.base/java.util.concurrent.ThreadPoolExecutor$Worker.run(ThreadPoolExecutor.java:630)
	at org.apache.tomcat.util.threads.TaskThread$WrappingRunnable.run(TaskThread.java:61)
	at java.base/java.lang.Thread.run(Thread.java:832)
Caused by: java.sql.SQLException: Field 'QUESTION_ID' doesn't have a default value
	at com.mysql.cj.jdbc.exceptions.SQLError.createSQLException(SQLError.java:129)
	at com.mysql.cj.jdbc.exceptions.SQLError.createSQLException(SQLError.java:97)
	at com.mysql.cj.jdbc.exceptions.SQLExceptionsMapping.translateException(SQLExceptionsMapping.java:122)
	at com.mysql.cj.jdbc.ClientPreparedStatement.executeInternal(ClientPreparedStatement.java:953)
	at com.mysql.cj.jdbc.ClientPreparedStatement.execute(ClientPreparedStatement.java:370)
	at com.zaxxer.hikari.pool.ProxyPreparedStatement.execute(ProxyPreparedStatement.java:44)
	at com.zaxxer.hikari.pool.HikariProxyPreparedStatement.execute(HikariProxyPreparedStatement.java)
	at org.apache.ibatis.executor.statement.PreparedStatementHandler.update(PreparedStatementHandler.java:47)
	at org.apache.ibatis.executor.statement.RoutingStatementHandler.update(RoutingStatementHandler.java:74)
	at jdk.internal.reflect.GeneratedMethodAccessor198.invoke(Unknown Source)
	at java.base/jdk.internal.reflect.DelegatingMethodAccessorImpl.invoke(DelegatingMethodAccessorImpl.java:43)
	at java.base/java.lang.reflect.Method.invoke(Method.java:564)
	at org.apache.ibatis.plugin.Plugin.invoke(Plugin.java:63)
	at com.sun.proxy.$Proxy163.update(Unknown Source)
	at jdk.internal.reflect.GeneratedMethodAccessor198.invoke(Unknown Source)
	at java.base/jdk.internal.reflect.DelegatingMethodAccessorImpl.invoke(DelegatingMethodAccessorImpl.java:43)
	at java.base/java.lang.reflect.Method.invoke(Method.java:564)
	at org.apache.ibatis.plugin.Plugin.invoke(Plugin.java:63)
	at com.sun.proxy.$Proxy163.update(Unknown Source)
	at com.baomidou.mybatisplus.core.executor.MybatisSimpleExecutor.doUpdate(MybatisSimpleExecutor.java:54)
	at org.apache.ibatis.executor.BaseExecutor.update(BaseExecutor.java:117)
	at com.baomidou.mybatisplus.core.executor.MybatisCachingExecutor.update(MybatisCachingExecutor.java:83)
	at jdk.internal.reflect.GeneratedMethodAccessor195.invoke(Unknown Source)
	at java.base/jdk.internal.reflect.DelegatingMethodAccessorImpl.invoke(DelegatingMethodAccessorImpl.java:43)
	at java.base/java.lang.reflect.Method.invoke(Method.java:564)
	at org.apache.ibatis.plugin.Plugin.invoke(Plugin.java:63)
	at com.sun.proxy.$Proxy162.update(Unknown Source)
	at org.apache.ibatis.session.defaults.DefaultSqlSession.update(DefaultSqlSession.java:197)
	at org.apache.ibatis.session.defaults.DefaultSqlSession.insert(DefaultSqlSession.java:184)
	at jdk.internal.reflect.GeneratedMethodAccessor299.invoke(Unknown Source)
	at java.base/jdk.internal.reflect.DelegatingMethodAccessorImpl.invoke(DelegatingMethodAccessorImpl.java:43)
	at java.base/java.lang.reflect.Method.invoke(Method.java:564)
	at org.mybatis.spring.SqlSessionTemplate$SqlSessionInterceptor.invoke(SqlSessionTemplate.java:426)
	... 129 common frames omitted
2021-03-02 23:44:34 febs-shiro ERROR febs-async-thread-5 cc.mrbird.febs.common.utils.AddressUtil 获取IP地址失败，Cannot invoke "java.io.InputStream.read(byte[])" because "input" is null
2021-03-02 23:45:01 febs-shiro ERROR http-nio-8182-exec-1 cc.mrbird.febs.common.aspect.ControllerEndpointAspect 
### Error updating database.  Cause: java.sql.SQLException: Field 'QUESTION_ID' doesn't have a default value
### The error may exist in cc/mrbird/febs/exercise/mapper/QuestionStudentStatusMapper.java (best guess)
### The error may involve cc.mrbird.febs.exercise.mapper.QuestionStudentStatusMapper.insert-Inline
### The error occurred while setting parameters
### SQL: INSERT INTO t_question_student_status (STATUS, CREATE_TIME) VALUES (?, ?)
### Cause: java.sql.SQLException: Field 'QUESTION_ID' doesn't have a default value
; Field 'QUESTION_ID' doesn't have a default value; nested exception is java.sql.SQLException: Field 'QUESTION_ID' doesn't have a default value
org.springframework.dao.DataIntegrityViolationException: 
### Error updating database.  Cause: java.sql.SQLException: Field 'QUESTION_ID' doesn't have a default value
### The error may exist in cc/mrbird/febs/exercise/mapper/QuestionStudentStatusMapper.java (best guess)
### The error may involve cc.mrbird.febs.exercise.mapper.QuestionStudentStatusMapper.insert-Inline
### The error occurred while setting parameters
### SQL: INSERT INTO t_question_student_status (STATUS, CREATE_TIME) VALUES (?, ?)
### Cause: java.sql.SQLException: Field 'QUESTION_ID' doesn't have a default value
; Field 'QUESTION_ID' doesn't have a default value; nested exception is java.sql.SQLException: Field 'QUESTION_ID' doesn't have a default value
	at org.springframework.jdbc.support.SQLErrorCodeSQLExceptionTranslator.doTranslate(SQLErrorCodeSQLExceptionTranslator.java:251)
	at org.springframework.jdbc.support.AbstractFallbackSQLExceptionTranslator.translate(AbstractFallbackSQLExceptionTranslator.java:70)
	at org.mybatis.spring.MyBatisExceptionTranslator.translateExceptionIfPossible(MyBatisExceptionTranslator.java:88)
	at org.mybatis.spring.SqlSessionTemplate$SqlSessionInterceptor.invoke(SqlSessionTemplate.java:440)
	at com.sun.proxy.$Proxy125.insert(Unknown Source)
	at org.mybatis.spring.SqlSessionTemplate.insert(SqlSessionTemplate.java:271)
	at com.baomidou.mybatisplus.core.override.MybatisMapperMethod.execute(MybatisMapperMethod.java:60)
	at com.baomidou.mybatisplus.core.override.MybatisMapperProxy.invoke(MybatisMapperProxy.java:96)
	at com.sun.proxy.$Proxy152.insert(Unknown Source)
	at com.baomidou.mybatisplus.extension.service.IService.save(IService.java:59)
	at cc.mrbird.febs.exercise.service.impl.QuestionStudentStatusServiceImpl.createQuestionStudentStatus(QuestionStudentStatusServiceImpl.java:50)
	at cc.mrbird.febs.exercise.service.impl.QuestionStudentStatusServiceImpl$$FastClassBySpringCGLIB$$eb962ce9.invoke(<generated>)
	at org.springframework.cglib.proxy.MethodProxy.invoke(MethodProxy.java:218)
	at org.springframework.aop.framework.CglibAopProxy$CglibMethodInvocation.invokeJoinpoint(CglibAopProxy.java:771)
	at org.springframework.aop.framework.ReflectiveMethodInvocation.proceed(ReflectiveMethodInvocation.java:163)
	at org.springframework.aop.framework.CglibAopProxy$CglibMethodInvocation.proceed(CglibAopProxy.java:749)
	at org.springframework.transaction.interceptor.TransactionAspectSupport.invokeWithinTransaction(TransactionAspectSupport.java:371)
	at org.springframework.transaction.interceptor.TransactionInterceptor.invoke(TransactionInterceptor.java:134)
	at org.springframework.aop.framework.ReflectiveMethodInvocation.proceed(ReflectiveMethodInvocation.java:186)
	at org.springframework.aop.framework.CglibAopProxy$CglibMethodInvocation.proceed(CglibAopProxy.java:749)
	at org.springframework.aop.framework.CglibAopProxy$DynamicAdvisedInterceptor.intercept(CglibAopProxy.java:691)
	at cc.mrbird.febs.exercise.service.impl.QuestionStudentStatusServiceImpl$$EnhancerBySpringCGLIB$$4d3d65cf.createQuestionStudentStatus(<generated>)
	at cc.mrbird.febs.exercise.controller.QuestionStudentStatusController.addQuestionStudentStatus(QuestionStudentStatusController.java:70)
	at cc.mrbird.febs.exercise.controller.QuestionStudentStatusController$$FastClassBySpringCGLIB$$938b730b.invoke(<generated>)
	at org.springframework.cglib.proxy.MethodProxy.invoke(MethodProxy.java:218)
	at org.springframework.aop.framework.CglibAopProxy$CglibMethodInvocation.invokeJoinpoint(CglibAopProxy.java:771)
	at org.springframework.aop.framework.ReflectiveMethodInvocation.proceed(ReflectiveMethodInvocation.java:163)
	at org.springframework.aop.framework.CglibAopProxy$CglibMethodInvocation.proceed(CglibAopProxy.java:749)
	at org.springframework.validation.beanvalidation.MethodValidationInterceptor.invoke(MethodValidationInterceptor.java:123)
	at org.springframework.aop.framework.ReflectiveMethodInvocation.proceed(ReflectiveMethodInvocation.java:186)
	at org.springframework.aop.framework.CglibAopProxy$CglibMethodInvocation.proceed(CglibAopProxy.java:749)
	at org.springframework.aop.aspectj.MethodInvocationProceedingJoinPoint.proceed(MethodInvocationProceedingJoinPoint.java:89)
	at cc.mrbird.febs.common.aspect.ControllerEndpointAspect.around(ControllerEndpointAspect.java:46)
	at jdk.internal.reflect.GeneratedMethodAccessor260.invoke(Unknown Source)
	at java.base/jdk.internal.reflect.DelegatingMethodAccessorImpl.invoke(DelegatingMethodAccessorImpl.java:43)
	at java.base/java.lang.reflect.Method.invoke(Method.java:564)
	at org.springframework.aop.aspectj.AbstractAspectJAdvice.invokeAdviceMethodWithGivenArgs(AbstractAspectJAdvice.java:644)
	at org.springframework.aop.aspectj.AbstractAspectJAdvice.invokeAdviceMethod(AbstractAspectJAdvice.java:633)
	at org.springframework.aop.aspectj.AspectJAroundAdvice.invoke(AspectJAroundAdvice.java:72)
	at org.springframework.aop.framework.ReflectiveMethodInvocation.proceed(ReflectiveMethodInvocation.java:175)
	at org.springframework.aop.framework.CglibAopProxy$CglibMethodInvocation.proceed(CglibAopProxy.java:749)
	at org.apache.shiro.spring.security.interceptor.AopAllianceAnnotationsAuthorizingMethodInterceptor$1.proceed(AopAllianceAnnotationsAuthorizingMethodInterceptor.java:82)
	at org.apache.shiro.authz.aop.AuthorizingMethodInterceptor.invoke(AuthorizingMethodInterceptor.java:39)
	at org.apache.shiro.spring.security.interceptor.AopAllianceAnnotationsAuthorizingMethodInterceptor.invoke(AopAllianceAnnotationsAuthorizingMethodInterceptor.java:115)
	at org.springframework.aop.framework.ReflectiveMethodInvocation.proceed(ReflectiveMethodInvocation.java:186)
	at org.springframework.aop.framework.CglibAopProxy$CglibMethodInvocation.proceed(CglibAopProxy.java:749)
	at org.springframework.aop.interceptor.ExposeInvocationInterceptor.invoke(ExposeInvocationInterceptor.java:97)
	at org.springframework.aop.framework.ReflectiveMethodInvocation.proceed(ReflectiveMethodInvocation.java:186)
	at org.springframework.aop.framework.CglibAopProxy$CglibMethodInvocation.proceed(CglibAopProxy.java:749)
	at org.springframework.aop.framework.CglibAopProxy$DynamicAdvisedInterceptor.intercept(CglibAopProxy.java:691)
	at cc.mrbird.febs.exercise.controller.QuestionStudentStatusController$$EnhancerBySpringCGLIB$$8e86184d.addQuestionStudentStatus(<generated>)
	at java.base/jdk.internal.reflect.NativeMethodAccessorImpl.invoke0(Native Method)
	at java.base/jdk.internal.reflect.NativeMethodAccessorImpl.invoke(NativeMethodAccessorImpl.java:64)
	at java.base/jdk.internal.reflect.DelegatingMethodAccessorImpl.invoke(DelegatingMethodAccessorImpl.java:43)
	at java.base/java.lang.reflect.Method.invoke(Method.java:564)
	at org.springframework.web.method.support.InvocableHandlerMethod.doInvoke(InvocableHandlerMethod.java:197)
	at org.springframework.web.method.support.InvocableHandlerMethod.invokeForRequest(InvocableHandlerMethod.java:141)
	at org.springframework.web.servlet.mvc.method.annotation.ServletInvocableHandlerMethod.invokeAndHandle(ServletInvocableHandlerMethod.java:106)
	at org.springframework.web.servlet.mvc.method.annotation.RequestMappingHandlerAdapter.invokeHandlerMethod(RequestMappingHandlerAdapter.java:893)
	at org.springframework.web.servlet.mvc.method.annotation.RequestMappingHandlerAdapter.handleInternal(RequestMappingHandlerAdapter.java:807)
	at org.springframework.web.servlet.mvc.method.AbstractHandlerMethodAdapter.handle(AbstractHandlerMethodAdapter.java:87)
	at org.springframework.web.servlet.DispatcherServlet.doDispatch(DispatcherServlet.java:1061)
	at org.springframework.web.servlet.DispatcherServlet.doService(DispatcherServlet.java:961)
	at org.springframework.web.servlet.FrameworkServlet.processRequest(FrameworkServlet.java:1006)
	at org.springframework.web.servlet.FrameworkServlet.doPost(FrameworkServlet.java:909)
	at javax.servlet.http.HttpServlet.service(HttpServlet.java:652)
	at org.springframework.web.servlet.FrameworkServlet.service(FrameworkServlet.java:883)
	at javax.servlet.http.HttpServlet.service(HttpServlet.java:733)
	at org.apache.catalina.core.ApplicationFilterChain.internalDoFilter(ApplicationFilterChain.java:231)
	at org.apache.catalina.core.ApplicationFilterChain.doFilter(ApplicationFilterChain.java:166)
	at org.apache.tomcat.websocket.server.WsFilter.doFilter(WsFilter.java:53)
	at org.apache.catalina.core.ApplicationFilterChain.internalDoFilter(ApplicationFilterChain.java:193)
	at org.apache.catalina.core.ApplicationFilterChain.doFilter(ApplicationFilterChain.java:166)
	at org.apache.shiro.web.servlet.ProxiedFilterChain.doFilter(ProxiedFilterChain.java:61)
	at org.apache.shiro.web.servlet.AdviceFilter.executeChain(AdviceFilter.java:108)
	at org.apache.shiro.web.servlet.AdviceFilter.doFilterInternal(AdviceFilter.java:137)
	at org.apache.shiro.web.servlet.OncePerRequestFilter.doFilter(OncePerRequestFilter.java:125)
	at org.apache.shiro.web.servlet.ProxiedFilterChain.doFilter(ProxiedFilterChain.java:66)
	at org.apache.shiro.web.servlet.AdviceFilter.executeChain(AdviceFilter.java:108)
	at org.apache.shiro.web.servlet.AdviceFilter.doFilterInternal(AdviceFilter.java:137)
	at org.apache.shiro.web.servlet.OncePerRequestFilter.doFilter(OncePerRequestFilter.java:125)
	at org.apache.shiro.web.servlet.ProxiedFilterChain.doFilter(ProxiedFilterChain.java:66)
	at org.apache.shiro.web.servlet.AbstractShiroFilter.executeChain(AbstractShiroFilter.java:450)
	at org.apache.shiro.web.servlet.AbstractShiroFilter$1.call(AbstractShiroFilter.java:365)
	at org.apache.shiro.subject.support.SubjectCallable.doCall(SubjectCallable.java:90)
	at org.apache.shiro.subject.support.SubjectCallable.call(SubjectCallable.java:83)
	at org.apache.shiro.subject.support.DelegatingSubject.execute(DelegatingSubject.java:387)
	at org.apache.shiro.web.servlet.AbstractShiroFilter.doFilterInternal(AbstractShiroFilter.java:362)
	at org.apache.shiro.web.servlet.OncePerRequestFilter.doFilter(OncePerRequestFilter.java:125)
	at org.apache.catalina.core.ApplicationFilterChain.internalDoFilter(ApplicationFilterChain.java:193)
	at org.apache.catalina.core.ApplicationFilterChain.doFilter(ApplicationFilterChain.java:166)
	at org.springframework.web.servlet.resource.ResourceUrlEncodingFilter.doFilter(ResourceUrlEncodingFilter.java:67)
	at org.apache.catalina.core.ApplicationFilterChain.internalDoFilter(ApplicationFilterChain.java:193)
	at org.apache.catalina.core.ApplicationFilterChain.doFilter(ApplicationFilterChain.java:166)
	at org.springframework.boot.actuate.web.trace.servlet.HttpTraceFilter.doFilterInternal(HttpTraceFilter.java:88)
	at org.springframework.web.filter.OncePerRequestFilter.doFilter(OncePerRequestFilter.java:119)
	at org.apache.catalina.core.ApplicationFilterChain.internalDoFilter(ApplicationFilterChain.java:193)
	at org.apache.catalina.core.ApplicationFilterChain.doFilter(ApplicationFilterChain.java:166)
	at cc.mrbird.febs.common.xss.XssFilter.doFilter(XssFilter.java:54)
	at org.apache.catalina.core.ApplicationFilterChain.internalDoFilter(ApplicationFilterChain.java:193)
	at org.apache.catalina.core.ApplicationFilterChain.doFilter(ApplicationFilterChain.java:166)
	at org.springframework.web.filter.RequestContextFilter.doFilterInternal(RequestContextFilter.java:100)
	at org.springframework.web.filter.OncePerRequestFilter.doFilter(OncePerRequestFilter.java:119)
	at org.apache.catalina.core.ApplicationFilterChain.internalDoFilter(ApplicationFilterChain.java:193)
	at org.apache.catalina.core.ApplicationFilterChain.doFilter(ApplicationFilterChain.java:166)
	at org.springframework.web.filter.FormContentFilter.doFilterInternal(FormContentFilter.java:93)
	at org.springframework.web.filter.OncePerRequestFilter.doFilter(OncePerRequestFilter.java:119)
	at org.apache.catalina.core.ApplicationFilterChain.internalDoFilter(ApplicationFilterChain.java:193)
	at org.apache.catalina.core.ApplicationFilterChain.doFilter(ApplicationFilterChain.java:166)
	at org.springframework.boot.actuate.metrics.web.servlet.WebMvcMetricsFilter.doFilterInternal(WebMvcMetricsFilter.java:93)
	at org.springframework.web.filter.OncePerRequestFilter.doFilter(OncePerRequestFilter.java:119)
	at org.apache.catalina.core.ApplicationFilterChain.internalDoFilter(ApplicationFilterChain.java:193)
	at org.apache.catalina.core.ApplicationFilterChain.doFilter(ApplicationFilterChain.java:166)
	at org.springframework.web.filter.CharacterEncodingFilter.doFilterInternal(CharacterEncodingFilter.java:201)
	at org.springframework.web.filter.OncePerRequestFilter.doFilter(OncePerRequestFilter.java:119)
	at org.apache.catalina.core.ApplicationFilterChain.internalDoFilter(ApplicationFilterChain.java:193)
	at org.apache.catalina.core.ApplicationFilterChain.doFilter(ApplicationFilterChain.java:166)
	at org.apache.catalina.core.StandardWrapperValve.invoke(StandardWrapperValve.java:202)
	at org.apache.catalina.core.StandardContextValve.invoke(StandardContextValve.java:97)
	at org.apache.catalina.authenticator.AuthenticatorBase.invoke(AuthenticatorBase.java:542)
	at org.apache.catalina.core.StandardHostValve.invoke(StandardHostValve.java:143)
	at org.apache.catalina.valves.ErrorReportValve.invoke(ErrorReportValve.java:92)
	at org.apache.catalina.core.StandardEngineValve.invoke(StandardEngineValve.java:78)
	at org.apache.catalina.connector.CoyoteAdapter.service(CoyoteAdapter.java:343)
	at org.apache.coyote.http11.Http11Processor.service(Http11Processor.java:374)
	at org.apache.coyote.AbstractProcessorLight.process(AbstractProcessorLight.java:65)
	at org.apache.coyote.AbstractProtocol$ConnectionHandler.process(AbstractProtocol.java:868)
	at org.apache.tomcat.util.net.NioEndpoint$SocketProcessor.doRun(NioEndpoint.java:1590)
	at org.apache.tomcat.util.net.SocketProcessorBase.run(SocketProcessorBase.java:49)
	at java.base/java.util.concurrent.ThreadPoolExecutor.runWorker(ThreadPoolExecutor.java:1130)
	at java.base/java.util.concurrent.ThreadPoolExecutor$Worker.run(ThreadPoolExecutor.java:630)
	at org.apache.tomcat.util.threads.TaskThread$WrappingRunnable.run(TaskThread.java:61)
	at java.base/java.lang.Thread.run(Thread.java:832)
Caused by: java.sql.SQLException: Field 'QUESTION_ID' doesn't have a default value
	at com.mysql.cj.jdbc.exceptions.SQLError.createSQLException(SQLError.java:129)
	at com.mysql.cj.jdbc.exceptions.SQLError.createSQLException(SQLError.java:97)
	at com.mysql.cj.jdbc.exceptions.SQLExceptionsMapping.translateException(SQLExceptionsMapping.java:122)
	at com.mysql.cj.jdbc.ClientPreparedStatement.executeInternal(ClientPreparedStatement.java:953)
	at com.mysql.cj.jdbc.ClientPreparedStatement.execute(ClientPreparedStatement.java:370)
	at com.zaxxer.hikari.pool.ProxyPreparedStatement.execute(ProxyPreparedStatement.java:44)
	at com.zaxxer.hikari.pool.HikariProxyPreparedStatement.execute(HikariProxyPreparedStatement.java)
	at org.apache.ibatis.executor.statement.PreparedStatementHandler.update(PreparedStatementHandler.java:47)
	at org.apache.ibatis.executor.statement.RoutingStatementHandler.update(RoutingStatementHandler.java:74)
	at jdk.internal.reflect.GeneratedMethodAccessor198.invoke(Unknown Source)
	at java.base/jdk.internal.reflect.DelegatingMethodAccessorImpl.invoke(DelegatingMethodAccessorImpl.java:43)
	at java.base/java.lang.reflect.Method.invoke(Method.java:564)
	at org.apache.ibatis.plugin.Plugin.invoke(Plugin.java:63)
	at com.sun.proxy.$Proxy163.update(Unknown Source)
	at jdk.internal.reflect.GeneratedMethodAccessor198.invoke(Unknown Source)
	at java.base/jdk.internal.reflect.DelegatingMethodAccessorImpl.invoke(DelegatingMethodAccessorImpl.java:43)
	at java.base/java.lang.reflect.Method.invoke(Method.java:564)
	at org.apache.ibatis.plugin.Plugin.invoke(Plugin.java:63)
	at com.sun.proxy.$Proxy163.update(Unknown Source)
	at com.baomidou.mybatisplus.core.executor.MybatisSimpleExecutor.doUpdate(MybatisSimpleExecutor.java:54)
	at org.apache.ibatis.executor.BaseExecutor.update(BaseExecutor.java:117)
	at com.baomidou.mybatisplus.core.executor.MybatisCachingExecutor.update(MybatisCachingExecutor.java:83)
	at jdk.internal.reflect.GeneratedMethodAccessor195.invoke(Unknown Source)
	at java.base/jdk.internal.reflect.DelegatingMethodAccessorImpl.invoke(DelegatingMethodAccessorImpl.java:43)
	at java.base/java.lang.reflect.Method.invoke(Method.java:564)
	at org.apache.ibatis.plugin.Plugin.invoke(Plugin.java:63)
	at com.sun.proxy.$Proxy162.update(Unknown Source)
	at org.apache.ibatis.session.defaults.DefaultSqlSession.update(DefaultSqlSession.java:197)
	at org.apache.ibatis.session.defaults.DefaultSqlSession.insert(DefaultSqlSession.java:184)
	at jdk.internal.reflect.GeneratedMethodAccessor299.invoke(Unknown Source)
	at java.base/jdk.internal.reflect.DelegatingMethodAccessorImpl.invoke(DelegatingMethodAccessorImpl.java:43)
	at java.base/java.lang.reflect.Method.invoke(Method.java:564)
	at org.mybatis.spring.SqlSessionTemplate$SqlSessionInterceptor.invoke(SqlSessionTemplate.java:426)
	... 129 common frames omitted
2021-03-02 23:45:01 febs-shiro ERROR febs-async-thread-1 cc.mrbird.febs.common.utils.AddressUtil 获取IP地址失败，Cannot invoke "java.io.InputStream.read(byte[])" because "input" is null
2021-03-02 23:45:48 febs-shiro ERROR febs-async-thread-2 cc.mrbird.febs.common.utils.AddressUtil 获取IP地址失败，Cannot invoke "java.io.InputStream.read(byte[])" because "input" is null
2021-03-02 23:47:06 febs-shiro ERROR febs-async-thread-3 cc.mrbird.febs.common.utils.AddressUtil 获取IP地址失败，Cannot invoke "java.io.InputStream.read(byte[])" because "input" is null
2021-03-02 23:48:25 febs-shiro ERROR febs-async-thread-4 cc.mrbird.febs.common.utils.AddressUtil 获取IP地址失败，Cannot invoke "java.io.InputStream.read(byte[])" because "input" is null
2021-03-02 23:48:27 febs-shiro ERROR febs-async-thread-5 cc.mrbird.febs.common.utils.AddressUtil 获取IP地址失败，Cannot invoke "java.io.InputStream.read(byte[])" because "input" is null
2021-03-02 23:48:28 febs-shiro ERROR febs-async-thread-1 cc.mrbird.febs.common.utils.AddressUtil 获取IP地址失败，Cannot invoke "java.io.InputStream.read(byte[])" because "input" is null
2021-03-02 23:48:28 febs-shiro ERROR febs-async-thread-2 cc.mrbird.febs.common.utils.AddressUtil 获取IP地址失败，Cannot invoke "java.io.InputStream.read(byte[])" because "input" is null
2021-03-02 23:48:50 febs-shiro ERROR febs-async-thread-3 cc.mrbird.febs.common.utils.AddressUtil 获取IP地址失败，Cannot invoke "java.io.InputStream.read(byte[])" because "input" is null
2021-03-02 23:49:51 febs-shiro ERROR febs-async-thread-4 cc.mrbird.febs.common.utils.AddressUtil 获取IP地址失败，Cannot invoke "java.io.InputStream.read(byte[])" because "input" is null
2021-03-02 23:49:53 febs-shiro ERROR febs-async-thread-5 cc.mrbird.febs.common.utils.AddressUtil 获取IP地址失败，Cannot invoke "java.io.InputStream.read(byte[])" because "input" is null
2021-03-02 23:49:56 febs-shiro ERROR febs-async-thread-1 cc.mrbird.febs.common.utils.AddressUtil 获取IP地址失败，Cannot invoke "java.io.InputStream.read(byte[])" because "input" is null
2021-03-02 23:49:58 febs-shiro ERROR febs-async-thread-2 cc.mrbird.febs.common.utils.AddressUtil 获取IP地址失败，Cannot invoke "java.io.InputStream.read(byte[])" because "input" is null
2021-03-02 23:50:02 febs-shiro ERROR febs-async-thread-3 cc.mrbird.febs.common.utils.AddressUtil 获取IP地址失败，Cannot invoke "java.io.InputStream.read(byte[])" because "input" is null
2021-03-02 23:50:45 febs-shiro ERROR febs-async-thread-4 cc.mrbird.febs.common.utils.AddressUtil 获取IP地址失败，Cannot invoke "java.io.InputStream.read(byte[])" because "input" is null
2021-03-02 23:51:18 febs-shiro ERROR febs-async-thread-5 cc.mrbird.febs.common.utils.AddressUtil 获取IP地址失败，Cannot invoke "java.io.InputStream.read(byte[])" because "input" is null
2021-03-02 23:52:43 febs-shiro ERROR febs-async-thread-1 cc.mrbird.febs.common.utils.AddressUtil 获取IP地址失败，Cannot invoke "java.io.InputStream.read(byte[])" because "input" is null
2021-03-02 23:53:36 febs-shiro ERROR febs-async-thread-2 cc.mrbird.febs.common.utils.AddressUtil 获取IP地址失败，Cannot invoke "java.io.InputStream.read(byte[])" because "input" is null
2021-03-02 23:53:39 febs-shiro ERROR febs-async-thread-3 cc.mrbird.febs.common.utils.AddressUtil 获取IP地址失败，Cannot invoke "java.io.InputStream.read(byte[])" because "input" is null
2021-03-02 23:53:44 febs-shiro ERROR febs-async-thread-4 cc.mrbird.febs.common.utils.AddressUtil 获取IP地址失败，Cannot invoke "java.io.InputStream.read(byte[])" because "input" is null
2021-03-02 23:53:45 febs-shiro ERROR febs-async-thread-5 cc.mrbird.febs.common.utils.AddressUtil 获取IP地址失败，Cannot invoke "java.io.InputStream.read(byte[])" because "input" is null
2021-03-02 23:53:51 febs-shiro ERROR febs-async-thread-1 cc.mrbird.febs.common.utils.AddressUtil 获取IP地址失败，Cannot invoke "java.io.InputStream.read(byte[])" because "input" is null
2021-03-02 23:53:55 febs-shiro ERROR febs-async-thread-2 cc.mrbird.febs.common.utils.AddressUtil 获取IP地址失败，Cannot invoke "java.io.InputStream.read(byte[])" because "input" is null
2021-03-02 23:54:24 febs-shiro ERROR febs-async-thread-3 cc.mrbird.febs.common.utils.AddressUtil 获取IP地址失败，Cannot invoke "java.io.InputStream.read(byte[])" because "input" is null
2021-03-02 23:54:49 febs-shiro ERROR febs-async-thread-4 cc.mrbird.febs.common.utils.AddressUtil 获取IP地址失败，Cannot invoke "java.io.InputStream.read(byte[])" because "input" is null
2021-03-02 23:54:54 febs-shiro ERROR febs-async-thread-5 cc.mrbird.febs.common.utils.AddressUtil 获取IP地址失败，Cannot invoke "java.io.InputStream.read(byte[])" because "input" is null
2021-03-02 23:55:05 febs-shiro ERROR febs-async-thread-1 cc.mrbird.febs.common.utils.AddressUtil 获取IP地址失败，Cannot invoke "java.io.InputStream.read(byte[])" because "input" is null
2021-03-02 23:55:18 febs-shiro ERROR febs-async-thread-2 cc.mrbird.febs.common.utils.AddressUtil 获取IP地址失败，Cannot invoke "java.io.InputStream.read(byte[])" because "input" is null
2021-03-02 23:55:51 febs-shiro ERROR febs-async-thread-3 cc.mrbird.febs.common.utils.AddressUtil 获取IP地址失败，Cannot invoke "java.io.InputStream.read(byte[])" because "input" is null
2021-03-02 23:55:55 febs-shiro ERROR febs-async-thread-4 cc.mrbird.febs.common.utils.AddressUtil 获取IP地址失败，Cannot invoke "java.io.InputStream.read(byte[])" because "input" is null
2021-03-02 23:56:03 febs-shiro ERROR febs-async-thread-5 cc.mrbird.febs.common.utils.AddressUtil 获取IP地址失败，Cannot invoke "java.io.InputStream.read(byte[])" because "input" is null
2021-03-02 23:57:15 febs-shiro ERROR febs-async-thread-2 cc.mrbird.febs.common.utils.AddressUtil 获取IP地址失败，Cannot invoke "java.io.InputStream.read(byte[])" because "input" is null
2021-03-02 23:57:40 febs-shiro ERROR febs-async-thread-4 cc.mrbird.febs.common.utils.AddressUtil 获取IP地址失败，Cannot invoke "java.io.InputStream.read(byte[])" because "input" is null
2021-03-02 23:58:10 febs-shiro ERROR http-nio-8182-exec-10 cc.mrbird.febs.common.utils.AddressUtil 获取IP地址失败，Cannot invoke "java.io.InputStream.read(byte[])" because "input" is null
2021-03-02 23:59:07 febs-shiro ERROR febs-async-thread-2 cc.mrbird.febs.common.utils.AddressUtil 获取IP地址失败，Cannot invoke "java.io.InputStream.read(byte[])" because "input" is null
